{"uuid":"1b562f62-aa0e-466b-ac5d-560b863e8efa","historyId":"61679484f73033f85c474ffac88578a7","fullName":"src/test/resources/features/02_register.feature:25","labels":[{"name":"tag","value":"register"},{"name":"tag","value":"TS_register_04"},{"name":"host","value":"Anjus-Air"},{"name":"thread","value":"17763@Anjus-Air.TestNG-test=Surefire test-1(16)"},{"name":"feature","value":"Validating Register page"},{"name":"story","value":"The user is presented with error message for empty fields below confirm Password textbox"},{"name":"suite","value":"Validating Register page"},{"name":"testClass","value":"The user is presented with error message for empty fields below confirm Password textbox"},{"name":"framework","value":"cucumber4jvm"},{"name":"language","value":"java"},{"name":"gherkin_uri","value":"file:///Users/anjujohn/eclipse-workspace5/DS_Algo_Project/src/test/resources/features/02_register.feature"},{"name":"package","value":"src.test.resources.features.02_register_feature.Validating Register page"}],"links":[],"name":"The user is presented with error message for empty fields below confirm Password textbox","status":"failed","statusDetails":{"known":false,"muted":false,"flaky":false,"message":"expected [Please fill out this field.] but found [Fill out this field]","trace":"java.lang.AssertionError: expected [Please fill out this field.] but found [Fill out this field]\n\tat org.testng.Assert.fail(Assert.java:111)\n\tat org.testng.Assert.failNotEquals(Assert.java:1578)\n\tat org.testng.Assert.assertEqualsImpl(Assert.java:150)\n\tat org.testng.Assert.assertEquals(Assert.java:132)\n\tat org.testng.Assert.assertEquals(Assert.java:656)\n\tat org.testng.Assert.assertEquals(Assert.java:666)\n\tat pageobjects.registerPage.errorMessage(registerPage.java:48)\n\tat stepdefinition.registerPageSD.it_should_display_an_error_message_below_password_confirmation_textbox(registerPageSD.java:65)\n\tat ✽.It should display an error message \"Please fill out this field.\" below Password Confirmation textbox(file:///Users/anjujohn/eclipse-workspace5/DS_Algo_Project/src/test/resources/features/02_register.feature:30)\n"},"stage":"finished","steps":[{"name":"Given  The user opens Register Page","status":"passed","statusDetails":{"known":false,"muted":false,"flaky":false},"stage":"finished","steps":[],"attachments":[],"parameters":[],"start":1703960560448,"stop":1703960560566},{"name":"When  The user clicks \"Register\" button after entering \"username\" and \"password\" with Password Confirmation field empty","status":"passed","statusDetails":{"known":false,"muted":false,"flaky":false},"stage":"finished","steps":[],"attachments":[{"name":"Data table","source":"1a6a3642-80bf-4642-9030-d6c0892f86bf-attachment.csv","type":"text/tab-separated-values"}],"parameters":[],"start":1703960560568,"stop":1703960561162},{"name":"Then  It should display an error message \"Please fill out this field.\" below Password Confirmation textbox","status":"failed","statusDetails":{"known":false,"muted":false,"flaky":false,"message":"expected [Please fill out this field.] but found [Fill out this field]","trace":"java.lang.AssertionError: expected [Please fill out this field.] but found [Fill out this field]\n\tat org.testng.Assert.fail(Assert.java:111)\n\tat org.testng.Assert.failNotEquals(Assert.java:1578)\n\tat org.testng.Assert.assertEqualsImpl(Assert.java:150)\n\tat org.testng.Assert.assertEquals(Assert.java:132)\n\tat org.testng.Assert.assertEquals(Assert.java:656)\n\tat org.testng.Assert.assertEquals(Assert.java:666)\n\tat pageobjects.registerPage.errorMessage(registerPage.java:48)\n\tat stepdefinition.registerPageSD.it_should_display_an_error_message_below_password_confirmation_textbox(registerPageSD.java:65)\n\tat ✽.It should display an error message \"Please fill out this field.\" below Password Confirmation textbox(file:///Users/anjujohn/eclipse-workspace5/DS_Algo_Project/src/test/resources/features/02_register.feature:30)\n"},"stage":"finished","steps":[],"attachments":[],"parameters":[],"start":1703960561165,"stop":1703960561197}],"attachments":[],"parameters":[],"start":1703960560445,"stop":1703960561276}