{"uuid":"1bbaffb8-93ef-45b9-934d-fe3846f003e9","historyId":"11d126594a2240cba5379c3b0935671e","fullName":"src/test/resources/features/03_loginDSAlgo.feature:12","labels":[{"name":"tag","value":"signin"},{"name":"tag","value":"TS_signin_02"},{"name":"host","value":"Anjus-Air"},{"name":"thread","value":"17763@Anjus-Air.TestNG-test=Surefire test-1(16)"},{"name":"feature","value":"Validating Login page"},{"name":"story","value":"User on login page and login with valid username and empty password"},{"name":"suite","value":"Validating Login page"},{"name":"testClass","value":"User on login page and login with valid username and empty password"},{"name":"framework","value":"cucumber4jvm"},{"name":"language","value":"java"},{"name":"gherkin_uri","value":"file:///Users/anjujohn/eclipse-workspace5/DS_Algo_Project/src/test/resources/features/03_loginDSAlgo.feature"},{"name":"package","value":"src.test.resources.features.03_loginDSAlgo_feature.Validating Login page"}],"links":[],"name":"User on login page and login with valid username and empty password","status":"failed","statusDetails":{"known":false,"muted":false,"flaky":false,"message":"expected [Please fill out this field.] but found [Fill out this field]","trace":"java.lang.AssertionError: expected [Please fill out this field.] but found [Fill out this field]\n\tat org.testng.Assert.fail(Assert.java:111)\n\tat org.testng.Assert.failNotEquals(Assert.java:1578)\n\tat org.testng.Assert.assertEqualsImpl(Assert.java:150)\n\tat org.testng.Assert.assertEquals(Assert.java:132)\n\tat org.testng.Assert.assertEquals(Assert.java:656)\n\tat org.testng.Assert.assertEquals(Assert.java:666)\n\tat pageobjects.registerPage.errorMessage(registerPage.java:48)\n\tat stepdefinition.registerPageSD.it_should_display_an_error_message_below_password_textbox(registerPageSD.java:48)\n\tat ✽.It should display an error message \"Please fill out this field.\" below Password textbox(file:///Users/anjujohn/eclipse-workspace5/DS_Algo_Project/src/test/resources/features/03_loginDSAlgo.feature:15)\n"},"stage":"finished","steps":[{"name":"Given  The user is on signin page","status":"passed","statusDetails":{"known":false,"muted":false,"flaky":false},"stage":"finished","steps":[],"attachments":[],"parameters":[],"start":1703960569082,"stop":1703960569196},{"name":"When  The user clicks Login with username \"numpyarshsquashers@gmail.com\" and empty password \"\"","status":"passed","statusDetails":{"known":false,"muted":false,"flaky":false},"stage":"finished","steps":[],"attachments":[],"parameters":[],"start":1703960569199,"stop":1703960569605},{"name":"Then  It should display an error message \"Please fill out this field.\" below Password textbox","status":"failed","statusDetails":{"known":false,"muted":false,"flaky":false,"message":"expected [Please fill out this field.] but found [Fill out this field]","trace":"java.lang.AssertionError: expected [Please fill out this field.] but found [Fill out this field]\n\tat org.testng.Assert.fail(Assert.java:111)\n\tat org.testng.Assert.failNotEquals(Assert.java:1578)\n\tat org.testng.Assert.assertEqualsImpl(Assert.java:150)\n\tat org.testng.Assert.assertEquals(Assert.java:132)\n\tat org.testng.Assert.assertEquals(Assert.java:656)\n\tat org.testng.Assert.assertEquals(Assert.java:666)\n\tat pageobjects.registerPage.errorMessage(registerPage.java:48)\n\tat stepdefinition.registerPageSD.it_should_display_an_error_message_below_password_textbox(registerPageSD.java:48)\n\tat ✽.It should display an error message \"Please fill out this field.\" below Password textbox(file:///Users/anjujohn/eclipse-workspace5/DS_Algo_Project/src/test/resources/features/03_loginDSAlgo.feature:15)\n"},"stage":"finished","steps":[],"attachments":[],"parameters":[],"start":1703960569606,"stop":1703960569625}],"attachments":[],"parameters":[],"start":1703960569080,"stop":1703960569691}