{"uuid":"6567d6be-904b-41c9-b86f-02e69f6e668c","historyId":"55e7f9198b77936d8358f9605b41bded","fullName":"src/test/resources/features/06_LinkedList.feature:37","labels":[{"name":"tag","value":"linkedlist"},{"name":"tag","value":"TS_ll_05"},{"name":"host","value":"Anjus-Air"},{"name":"thread","value":"17763@Anjus-Air.TestNG-test=Surefire test-1(16)"},{"name":"feature","value":"Testing LinkedList page"},{"name":"story","value":"The user is able to run code in Editor for Graph page"},{"name":"suite","value":"Testing LinkedList page"},{"name":"testClass","value":"The user is able to run code in Editor for Graph page"},{"name":"framework","value":"cucumber4jvm"},{"name":"language","value":"java"},{"name":"gherkin_uri","value":"file:///Users/anjujohn/eclipse-workspace5/DS_Algo_Project/src/test/resources/features/06_LinkedList.feature"},{"name":"package","value":"src.test.resources.features.06_LinkedList_feature.Testing LinkedList page"}],"links":[],"name":"The user is able to run code in Editor for Graph page","status":"failed","statusDetails":{"known":false,"muted":false,"flaky":false,"message":"Result do not match expected [hello] but found [hello\n]","trace":"java.lang.AssertionError: Result do not match expected [hello] but found [hello\n]\n\tat org.testng.Assert.fail(Assert.java:111)\n\tat org.testng.Assert.failNotEquals(Assert.java:1578)\n\tat org.testng.Assert.assertEqualsImpl(Assert.java:150)\n\tat org.testng.Assert.assertEquals(Assert.java:132)\n\tat org.testng.Assert.assertEquals(Assert.java:656)\n\tat stepdefinition.reusableSD.the_user_is_presented_with_the_result_after_run_button_is_clicked(reusableSD.java:98)\n\tat ✽.The user is presented with the result after run button is clicked(file:///Users/anjujohn/eclipse-workspace5/DS_Algo_Project/src/test/resources/features/06_LinkedList.feature:33)\n"},"stage":"finished","steps":[{"name":"Given  The user is in a page having an Editor with a Run button to test","status":"passed","statusDetails":{"known":false,"muted":false,"flaky":false},"stage":"finished","steps":[],"attachments":[],"parameters":[],"start":1703960611018,"stop":1703960611232},{"name":"When  The user enters valid python code in Editor from sheet \"pythonCode\" and 0","status":"passed","statusDetails":{"known":false,"muted":false,"flaky":false},"stage":"finished","steps":[],"attachments":[],"parameters":[],"start":1703960611233,"stop":1703960611800},{"name":"And  clicks run button","status":"passed","statusDetails":{"known":false,"muted":false,"flaky":false},"stage":"finished","steps":[],"attachments":[],"parameters":[],"start":1703960611801,"stop":1703960611901},{"name":"Then  The user is presented with the result after run button is clicked","status":"failed","statusDetails":{"known":false,"muted":false,"flaky":false,"message":"Result do not match expected [hello] but found [hello\n]","trace":"java.lang.AssertionError: Result do not match expected [hello] but found [hello\n]\n\tat org.testng.Assert.fail(Assert.java:111)\n\tat org.testng.Assert.failNotEquals(Assert.java:1578)\n\tat org.testng.Assert.assertEqualsImpl(Assert.java:150)\n\tat org.testng.Assert.assertEquals(Assert.java:132)\n\tat org.testng.Assert.assertEquals(Assert.java:656)\n\tat stepdefinition.reusableSD.the_user_is_presented_with_the_result_after_run_button_is_clicked(reusableSD.java:98)\n\tat ✽.The user is presented with the result after run button is clicked(file:///Users/anjujohn/eclipse-workspace5/DS_Algo_Project/src/test/resources/features/06_LinkedList.feature:33)\n"},"stage":"finished","steps":[],"attachments":[],"parameters":[],"start":1703960611902,"stop":1703960611933}],"attachments":[],"parameters":[{"name":"Sheetname","value":"pythonCode"},{"name":"RowNumber","value":"0"}],"start":1703960611015,"stop":1703960612008}