{"uuid":"6a00d8de-d900-42c4-bc5a-59fecf4adaae","historyId":"2e778ae38cf08ebbf7a815cd47a0f519","fullName":"src/test/resources/features/03_loginDSAlgo.feature:5","labels":[{"name":"tag","value":"signin"},{"name":"tag","value":"TS_signin_01"},{"name":"host","value":"Anjus-Air"},{"name":"thread","value":"17763@Anjus-Air.TestNG-test=Surefire test-1(16)"},{"name":"feature","value":"Validating Login page"},{"name":"story","value":"User on login page and login with empty username and valid password"},{"name":"suite","value":"Validating Login page"},{"name":"testClass","value":"User on login page and login with empty username and valid password"},{"name":"framework","value":"cucumber4jvm"},{"name":"language","value":"java"},{"name":"gherkin_uri","value":"file:///Users/anjujohn/eclipse-workspace5/DS_Algo_Project/src/test/resources/features/03_loginDSAlgo.feature"},{"name":"package","value":"src.test.resources.features.03_loginDSAlgo_feature.Validating Login page"}],"links":[],"name":"User on login page and login with empty username and valid password","status":"failed","statusDetails":{"known":false,"muted":false,"flaky":false,"message":"expected [Please fill out this field.] but found [Fill out this field]","trace":"java.lang.AssertionError: expected [Please fill out this field.] but found [Fill out this field]\n\tat org.testng.Assert.fail(Assert.java:111)\n\tat org.testng.Assert.failNotEquals(Assert.java:1578)\n\tat org.testng.Assert.assertEqualsImpl(Assert.java:150)\n\tat org.testng.Assert.assertEquals(Assert.java:132)\n\tat org.testng.Assert.assertEquals(Assert.java:656)\n\tat org.testng.Assert.assertEquals(Assert.java:666)\n\tat pageobjects.registerPage.errorMessage(registerPage.java:48)\n\tat stepdefinition.registerPageSD.it_should_display_an_error_message_below_username_textbox(registerPageSD.java:34)\n\tat ✽.It should display an error message \"Please fill out this field.\" below Username textbox(file:///Users/anjujohn/eclipse-workspace5/DS_Algo_Project/src/test/resources/features/03_loginDSAlgo.feature:8)\n"},"stage":"finished","steps":[{"name":"Given  The user is on signin page","status":"passed","statusDetails":{"known":false,"muted":false,"flaky":false},"stage":"finished","steps":[],"attachments":[],"parameters":[],"start":1703960568542,"stop":1703960568702},{"name":"When  The user clicks Login with empty username \"\" and valid password \"Thankgmail123\"","status":"passed","statusDetails":{"known":false,"muted":false,"flaky":false},"stage":"finished","steps":[],"attachments":[],"parameters":[],"start":1703960568710,"stop":1703960568942},{"name":"Then  It should display an error message \"Please fill out this field.\" below Username textbox","status":"failed","statusDetails":{"known":false,"muted":false,"flaky":false,"message":"expected [Please fill out this field.] but found [Fill out this field]","trace":"java.lang.AssertionError: expected [Please fill out this field.] but found [Fill out this field]\n\tat org.testng.Assert.fail(Assert.java:111)\n\tat org.testng.Assert.failNotEquals(Assert.java:1578)\n\tat org.testng.Assert.assertEqualsImpl(Assert.java:150)\n\tat org.testng.Assert.assertEquals(Assert.java:132)\n\tat org.testng.Assert.assertEquals(Assert.java:656)\n\tat org.testng.Assert.assertEquals(Assert.java:666)\n\tat pageobjects.registerPage.errorMessage(registerPage.java:48)\n\tat stepdefinition.registerPageSD.it_should_display_an_error_message_below_username_textbox(registerPageSD.java:34)\n\tat ✽.It should display an error message \"Please fill out this field.\" below Username textbox(file:///Users/anjujohn/eclipse-workspace5/DS_Algo_Project/src/test/resources/features/03_loginDSAlgo.feature:8)\n"},"stage":"finished","steps":[],"attachments":[],"parameters":[],"start":1703960568945,"stop":1703960568978}],"attachments":[],"parameters":[],"start":1703960568539,"stop":1703960569062}