{"uuid":"784d2fdb-df1b-4e26-864f-f18b835297df","historyId":"3937d08ea31829a067a4d3cace237443","fullName":"src/test/resources/features/02_register.feature:17","labels":[{"name":"tag","value":"register"},{"name":"tag","value":"TS_register_03"},{"name":"host","value":"Anjus-Air"},{"name":"thread","value":"17763@Anjus-Air.TestNG-test=Surefire test-1(16)"},{"name":"feature","value":"Validating Register page"},{"name":"story","value":"The user is presented with error message for empty fields below Password textbox"},{"name":"suite","value":"Validating Register page"},{"name":"testClass","value":"The user is presented with error message for empty fields below Password textbox"},{"name":"framework","value":"cucumber4jvm"},{"name":"language","value":"java"},{"name":"gherkin_uri","value":"file:///Users/anjujohn/eclipse-workspace5/DS_Algo_Project/src/test/resources/features/02_register.feature"},{"name":"package","value":"src.test.resources.features.02_register_feature.Validating Register page"}],"links":[],"name":"The user is presented with error message for empty fields below Password textbox","status":"failed","statusDetails":{"known":false,"muted":false,"flaky":false,"message":"expected [Please fill out this field.] but found [Fill out this field]","trace":"java.lang.AssertionError: expected [Please fill out this field.] but found [Fill out this field]\n\tat org.testng.Assert.fail(Assert.java:111)\n\tat org.testng.Assert.failNotEquals(Assert.java:1578)\n\tat org.testng.Assert.assertEqualsImpl(Assert.java:150)\n\tat org.testng.Assert.assertEquals(Assert.java:132)\n\tat org.testng.Assert.assertEquals(Assert.java:656)\n\tat org.testng.Assert.assertEquals(Assert.java:666)\n\tat pageobjects.registerPage.errorMessage(registerPage.java:48)\n\tat stepdefinition.registerPageSD.it_should_display_an_error_message_below_password_textbox(registerPageSD.java:48)\n\tat ✽.It should display an error message \"Please fill out this field.\" below Password textbox(file:///Users/anjujohn/eclipse-workspace5/DS_Algo_Project/src/test/resources/features/02_register.feature:22)\n"},"stage":"finished","steps":[{"name":"Given  The user opens Register Page","status":"passed","statusDetails":{"known":false,"muted":false,"flaky":false},"stage":"finished","steps":[],"attachments":[],"parameters":[],"start":1703960559882,"stop":1703960560033},{"name":"When  The user clicks \"Register\" button after entering username with other fields empty","status":"passed","statusDetails":{"known":false,"muted":false,"flaky":false},"stage":"finished","steps":[],"attachments":[{"name":"Data table","source":"eb6f8c8f-aab0-4d9b-a820-8c5442613de3-attachment.csv","type":"text/tab-separated-values"}],"parameters":[],"start":1703960560035,"stop":1703960560310},{"name":"Then  It should display an error message \"Please fill out this field.\" below Password textbox","status":"failed","statusDetails":{"known":false,"muted":false,"flaky":false,"message":"expected [Please fill out this field.] but found [Fill out this field]","trace":"java.lang.AssertionError: expected [Please fill out this field.] but found [Fill out this field]\n\tat org.testng.Assert.fail(Assert.java:111)\n\tat org.testng.Assert.failNotEquals(Assert.java:1578)\n\tat org.testng.Assert.assertEqualsImpl(Assert.java:150)\n\tat org.testng.Assert.assertEquals(Assert.java:132)\n\tat org.testng.Assert.assertEquals(Assert.java:656)\n\tat org.testng.Assert.assertEquals(Assert.java:666)\n\tat pageobjects.registerPage.errorMessage(registerPage.java:48)\n\tat stepdefinition.registerPageSD.it_should_display_an_error_message_below_password_textbox(registerPageSD.java:48)\n\tat ✽.It should display an error message \"Please fill out this field.\" below Password textbox(file:///Users/anjujohn/eclipse-workspace5/DS_Algo_Project/src/test/resources/features/02_register.feature:22)\n"},"stage":"finished","steps":[],"attachments":[],"parameters":[],"start":1703960560325,"stop":1703960560354}],"attachments":[],"parameters":[],"start":1703960559880,"stop":1703960560432}