{"uuid":"844eca04-cd16-4123-a988-e6a09cab705b","historyId":"b688217c3c700dd10486af42ec24bd13","fullName":"src/test/resources/features/06_LinkedList.feature:159","labels":[{"name":"tag","value":"linkedlist"},{"name":"tag","value":"TS_ll_20"},{"name":"host","value":"Anjus-Air"},{"name":"thread","value":"26608@Anjus-Air.TestNG-test=Surefire test-1(16)"},{"name":"feature","value":"Testing LinkedList page"},{"name":"story","value":"User navigated to tryEditor page with Run button from Traversal page"},{"name":"suite","value":"Testing LinkedList page"},{"name":"testClass","value":"User navigated to tryEditor page with Run button from Traversal page"},{"name":"framework","value":"cucumber4jvm"},{"name":"language","value":"java"},{"name":"gherkin_uri","value":"file:///Users/anjujohn/eclipse-workspace5/DS_Algo_Project/src/test/resources/features/06_LinkedList.feature"},{"name":"package","value":"src.test.resources.features.06_LinkedList_feature.Testing LinkedList page"}],"links":[],"name":"User navigated to tryEditor page with Run button from Traversal page","status":"failed","statusDetails":{"known":false,"muted":false,"flaky":false,"message":"Title do not match expected [Assessment] but found [Traversal]","trace":"java.lang.AssertionError: Title do not match expected [Assessment] but found [Traversal]\n\tat org.testng.Assert.fail(Assert.java:111)\n\tat org.testng.Assert.failNotEquals(Assert.java:1578)\n\tat org.testng.Assert.assertEqualsImpl(Assert.java:150)\n\tat org.testng.Assert.assertEquals(Assert.java:132)\n\tat org.testng.Assert.assertEquals(Assert.java:656)\n\tat stepdefinition.linkedListSD.the_user_should_be_redirected_to_a_page_having_an_try_editor_with_a_run_button_to_test(linkedListSD.java:123)\n\tat ✽.The user should be redirected to a page having an tryEditor with a Run button to test(file:///Users/anjujohn/eclipse-workspace5/DS_Algo_Project/src/test/resources/features/06_LinkedList.feature:162)\n"},"stage":"finished","steps":[{"name":"Given  The user is on the \"Traversal\" after logged in","status":"passed","statusDetails":{"known":false,"muted":false,"flaky":false},"stage":"finished","steps":[],"attachments":[],"parameters":[],"start":1704039519206,"stop":1704039519400},{"name":"When  The user clicks \"Try Here\" button in the \"traversal\" page","status":"passed","statusDetails":{"known":false,"muted":false,"flaky":false},"stage":"finished","steps":[],"attachments":[],"parameters":[],"start":1704039519404,"stop":1704039519553},{"name":"Then  The user should be redirected to a page having an tryEditor with a Run button to test","status":"failed","statusDetails":{"known":false,"muted":false,"flaky":false,"message":"Title do not match expected [Assessment] but found [Traversal]","trace":"java.lang.AssertionError: Title do not match expected [Assessment] but found [Traversal]\n\tat org.testng.Assert.fail(Assert.java:111)\n\tat org.testng.Assert.failNotEquals(Assert.java:1578)\n\tat org.testng.Assert.assertEqualsImpl(Assert.java:150)\n\tat org.testng.Assert.assertEquals(Assert.java:132)\n\tat org.testng.Assert.assertEquals(Assert.java:656)\n\tat stepdefinition.linkedListSD.the_user_should_be_redirected_to_a_page_having_an_try_editor_with_a_run_button_to_test(linkedListSD.java:123)\n\tat ✽.The user should be redirected to a page having an tryEditor with a Run button to test(file:///Users/anjujohn/eclipse-workspace5/DS_Algo_Project/src/test/resources/features/06_LinkedList.feature:162)\n"},"stage":"finished","steps":[],"attachments":[],"parameters":[],"start":1704039519554,"stop":1704039519578}],"attachments":[],"parameters":[],"start":1704039519204,"stop":1704039519810}