{"uuid":"8e41115a-f520-481b-8873-a01f406e40ed","historyId":"2544fd593d7dd81c8ad35f564a1ffce8","fullName":"src/test/resources/features/05_Array.feature:65","labels":[{"name":"tag","value":"Array"},{"name":"tag","value":"Array7"},{"name":"host","value":"Anjus-Air"},{"name":"thread","value":"26608@Anjus-Air.TestNG-test=Surefire test-1(16)"},{"name":"feature","value":"Array feature"},{"name":"story","value":"The user is able to run code in Editor for Graph page"},{"name":"suite","value":"Array feature"},{"name":"testClass","value":"The user is able to run code in Editor for Graph page"},{"name":"framework","value":"cucumber4jvm"},{"name":"language","value":"java"},{"name":"gherkin_uri","value":"file:///Users/anjujohn/eclipse-workspace5/DS_Algo_Project/src/test/resources/features/05_Array.feature"},{"name":"package","value":"src.test.resources.features.05_Array_feature.Array feature"}],"links":[],"name":"The user is able to run code in Editor for Graph page","status":"failed","statusDetails":{"known":false,"muted":false,"flaky":false,"message":"Result do not match expected [hello] but found [hello\n]","trace":"java.lang.AssertionError: Result do not match expected [hello] but found [hello\n]\n\tat org.testng.Assert.fail(Assert.java:111)\n\tat org.testng.Assert.failNotEquals(Assert.java:1578)\n\tat org.testng.Assert.assertEqualsImpl(Assert.java:150)\n\tat org.testng.Assert.assertEquals(Assert.java:132)\n\tat org.testng.Assert.assertEquals(Assert.java:656)\n\tat stepdefinition.reusableSD.the_user_is_presented_with_the_result_after_run_button_is_clicked(reusableSD.java:98)\n\tat ✽.The user is presented with the result after run button is clicked(file:///Users/anjujohn/eclipse-workspace5/DS_Algo_Project/src/test/resources/features/05_Array.feature:61)\n"},"stage":"finished","steps":[{"name":"Given  The user is in a page having an Editor with a Run button to test","status":"passed","statusDetails":{"known":false,"muted":false,"flaky":false},"stage":"finished","steps":[],"attachments":[],"parameters":[],"start":1704039463971,"stop":1704039464145},{"name":"When  The user enters valid python code in Editor from sheet \"pythonCode\" and 0","status":"passed","statusDetails":{"known":false,"muted":false,"flaky":false},"stage":"finished","steps":[],"attachments":[],"parameters":[],"start":1704039464146,"stop":1704039464729},{"name":"And  clicks run button","status":"passed","statusDetails":{"known":false,"muted":false,"flaky":false},"stage":"finished","steps":[],"attachments":[],"parameters":[],"start":1704039464731,"stop":1704039464805},{"name":"Then  The user is presented with the result after run button is clicked","status":"failed","statusDetails":{"known":false,"muted":false,"flaky":false,"message":"Result do not match expected [hello] but found [hello\n]","trace":"java.lang.AssertionError: Result do not match expected [hello] but found [hello\n]\n\tat org.testng.Assert.fail(Assert.java:111)\n\tat org.testng.Assert.failNotEquals(Assert.java:1578)\n\tat org.testng.Assert.assertEqualsImpl(Assert.java:150)\n\tat org.testng.Assert.assertEquals(Assert.java:132)\n\tat org.testng.Assert.assertEquals(Assert.java:656)\n\tat stepdefinition.reusableSD.the_user_is_presented_with_the_result_after_run_button_is_clicked(reusableSD.java:98)\n\tat ✽.The user is presented with the result after run button is clicked(file:///Users/anjujohn/eclipse-workspace5/DS_Algo_Project/src/test/resources/features/05_Array.feature:61)\n"},"stage":"finished","steps":[],"attachments":[],"parameters":[],"start":1704039464807,"stop":1704039464842}],"attachments":[],"parameters":[{"name":"Sheetname","value":"pythonCode"},{"name":"RowNumber","value":"0"}],"start":1704039463969,"stop":1704039464915}