{"uuid":"9d7bf70c-7b4d-4b50-923d-a0a74112fd54","historyId":"3020d526620bc797965de3b7065051b3","fullName":"src/test/resources/features/06_Stack.feature:24","labels":[{"name":"tag","value":"Stack"},{"name":"tag","value":"TS_stack_04"},{"name":"host","value":"Anjus-Air"},{"name":"thread","value":"17763@Anjus-Air.TestNG-test=Surefire test-1(16)"},{"name":"feature","value":"Stack: Luanch the DS-Algo portal and test Stack module"},{"name":"story","value":"The user is able to navigate to a page having an tryEditor from Operations in Stack page"},{"name":"suite","value":"Stack: Luanch the DS-Algo portal and test Stack module"},{"name":"testClass","value":"The user is able to navigate to a page having an tryEditor from Operations in Stack page"},{"name":"framework","value":"cucumber4jvm"},{"name":"language","value":"java"},{"name":"gherkin_uri","value":"file:///Users/anjujohn/eclipse-workspace5/DS_Algo_Project/src/test/resources/features/06_Stack.feature"},{"name":"package","value":"src.test.resources.features.06_Stack_feature.Stack: Luanch the DS-Algo portal and test Stack module"}],"links":[],"name":"The user is able to navigate to a page having an tryEditor from Operations in Stack page","status":"failed","statusDetails":{"known":false,"muted":false,"flaky":false,"message":"Title do not match expected [Assessment] but found [Operations in Stack]","trace":"java.lang.AssertionError: Title do not match expected [Assessment] but found [Operations in Stack]\n\tat org.testng.Assert.fail(Assert.java:111)\n\tat org.testng.Assert.failNotEquals(Assert.java:1578)\n\tat org.testng.Assert.assertEqualsImpl(Assert.java:150)\n\tat org.testng.Assert.assertEquals(Assert.java:132)\n\tat org.testng.Assert.assertEquals(Assert.java:656)\n\tat stepdefinition.linkedListSD.the_user_should_be_redirected_to_a_page_having_an_try_editor_with_a_run_button_to_test(linkedListSD.java:123)\n\tat ✽.The user should be redirected to a page having an tryEditor with a Run button to test(file:///Users/anjujohn/eclipse-workspace5/DS_Algo_Project/src/test/resources/features/06_Stack.feature:27)\n"},"stage":"finished","steps":[{"name":"Given  The user is on the \"Operations in Stack page\" after logged in","status":"passed","statusDetails":{"known":false,"muted":false,"flaky":false},"stage":"finished","steps":[],"attachments":[],"parameters":[],"start":1703960629953,"stop":1703960630059},{"name":"When  The user clicks \"Try Here\" button in \"stack\" page","status":"passed","statusDetails":{"known":false,"muted":false,"flaky":false},"stage":"finished","steps":[],"attachments":[],"parameters":[],"start":1703960630060,"stop":1703960630152},{"name":"Then  The user should be redirected to a page having an tryEditor with a Run button to test","status":"failed","statusDetails":{"known":false,"muted":false,"flaky":false,"message":"Title do not match expected [Assessment] but found [Operations in Stack]","trace":"java.lang.AssertionError: Title do not match expected [Assessment] but found [Operations in Stack]\n\tat org.testng.Assert.fail(Assert.java:111)\n\tat org.testng.Assert.failNotEquals(Assert.java:1578)\n\tat org.testng.Assert.assertEqualsImpl(Assert.java:150)\n\tat org.testng.Assert.assertEquals(Assert.java:132)\n\tat org.testng.Assert.assertEquals(Assert.java:656)\n\tat stepdefinition.linkedListSD.the_user_should_be_redirected_to_a_page_having_an_try_editor_with_a_run_button_to_test(linkedListSD.java:123)\n\tat ✽.The user should be redirected to a page having an tryEditor with a Run button to test(file:///Users/anjujohn/eclipse-workspace5/DS_Algo_Project/src/test/resources/features/06_Stack.feature:27)\n"},"stage":"finished","steps":[],"attachments":[],"parameters":[],"start":1703960630153,"stop":1703960630181}],"attachments":[],"parameters":[],"start":1703960629951,"stop":1703960630350}