{"uuid":"9fb3db2d-792c-49e4-ba02-f9b8a2673d89","historyId":"61552b30c38180c800db513c813be4d0","fullName":"src/test/resources/features/07_Queue.feature:64","labels":[{"name":"tag","value":"Queue"},{"name":"tag","value":"Queue7"},{"name":"host","value":"Anjus-Air"},{"name":"thread","value":"17763@Anjus-Air.TestNG-test=Surefire test-1(16)"},{"name":"feature","value":"Queue feature"},{"name":"story","value":"The user is able to run code in Editor for Graph page"},{"name":"suite","value":"Queue feature"},{"name":"testClass","value":"The user is able to run code in Editor for Graph page"},{"name":"framework","value":"cucumber4jvm"},{"name":"language","value":"java"},{"name":"gherkin_uri","value":"file:///Users/anjujohn/eclipse-workspace5/DS_Algo_Project/src/test/resources/features/07_Queue.feature"},{"name":"package","value":"src.test.resources.features.07_Queue_feature.Queue feature"}],"links":[],"name":"The user is able to run code in Editor for Graph page","status":"failed","statusDetails":{"known":false,"muted":false,"flaky":false,"message":"Result do not match expected [hello] but found [hello\n]","trace":"java.lang.AssertionError: Result do not match expected [hello] but found [hello\n]\n\tat org.testng.Assert.fail(Assert.java:111)\n\tat org.testng.Assert.failNotEquals(Assert.java:1578)\n\tat org.testng.Assert.assertEqualsImpl(Assert.java:150)\n\tat org.testng.Assert.assertEquals(Assert.java:132)\n\tat org.testng.Assert.assertEquals(Assert.java:656)\n\tat stepdefinition.reusableSD.the_user_is_presented_with_the_result_after_run_button_is_clicked(reusableSD.java:98)\n\tat ✽.The user is presented with the result after run button is clicked(file:///Users/anjujohn/eclipse-workspace5/DS_Algo_Project/src/test/resources/features/07_Queue.feature:60)\n"},"stage":"finished","steps":[{"name":"Given  The user is in a page having an Editor with a Run button to test","status":"passed","statusDetails":{"known":false,"muted":false,"flaky":false},"stage":"finished","steps":[],"attachments":[],"parameters":[],"start":1703960642352,"stop":1703960642380},{"name":"When  The user enters valid python code in Editor from sheet \"pythonCode\" and 0","status":"passed","statusDetails":{"known":false,"muted":false,"flaky":false},"stage":"finished","steps":[],"attachments":[],"parameters":[],"start":1703960642382,"stop":1703960643105},{"name":"And  clicks run button","status":"passed","statusDetails":{"known":false,"muted":false,"flaky":false},"stage":"finished","steps":[],"attachments":[],"parameters":[],"start":1703960643106,"stop":1703960643209},{"name":"Then  The user is presented with the result after run button is clicked","status":"failed","statusDetails":{"known":false,"muted":false,"flaky":false,"message":"Result do not match expected [hello] but found [hello\n]","trace":"java.lang.AssertionError: Result do not match expected [hello] but found [hello\n]\n\tat org.testng.Assert.fail(Assert.java:111)\n\tat org.testng.Assert.failNotEquals(Assert.java:1578)\n\tat org.testng.Assert.assertEqualsImpl(Assert.java:150)\n\tat org.testng.Assert.assertEquals(Assert.java:132)\n\tat org.testng.Assert.assertEquals(Assert.java:656)\n\tat stepdefinition.reusableSD.the_user_is_presented_with_the_result_after_run_button_is_clicked(reusableSD.java:98)\n\tat ✽.The user is presented with the result after run button is clicked(file:///Users/anjujohn/eclipse-workspace5/DS_Algo_Project/src/test/resources/features/07_Queue.feature:60)\n"},"stage":"finished","steps":[],"attachments":[],"parameters":[],"start":1703960643210,"stop":1703960643254}],"attachments":[],"parameters":[{"name":"Sheetname","value":"pythonCode"},{"name":"RowNumber","value":"0"}],"start":1703960642350,"stop":1703960643335}