{"uuid":"b0840199-bd38-4cf8-815e-ffaca12cbbf2","historyId":"10c201597df1ea6632040f91bc44ad2c","fullName":"src/test/resources/features/09_Graph.feature:39","labels":[{"name":"tag","value":"Graph"},{"name":"tag","value":"GraphScenario_5"},{"name":"host","value":"Anjus-Air"},{"name":"thread","value":"26608@Anjus-Air.TestNG-test=Surefire test-1(16)"},{"name":"feature","value":"Graph: Luanch the DS-Algo portal and test Graph module"},{"name":"story","value":"The user is able to run code in Editor for Graph page"},{"name":"suite","value":"Graph: Luanch the DS-Algo portal and test Graph module"},{"name":"testClass","value":"The user is able to run code in Editor for Graph page"},{"name":"framework","value":"cucumber4jvm"},{"name":"language","value":"java"},{"name":"gherkin_uri","value":"file:///Users/anjujohn/eclipse-workspace5/DS_Algo_Project/src/test/resources/features/09_Graph.feature"},{"name":"package","value":"src.test.resources.features.09_Graph_feature.Graph: Luanch the DS-Algo portal and test Graph module"}],"links":[],"name":"The user is able to run code in Editor for Graph page","status":"failed","statusDetails":{"known":false,"muted":false,"flaky":false,"message":"Result do not match expected [hello] but found [hello\n]","trace":"java.lang.AssertionError: Result do not match expected [hello] but found [hello\n]\n\tat org.testng.Assert.fail(Assert.java:111)\n\tat org.testng.Assert.failNotEquals(Assert.java:1578)\n\tat org.testng.Assert.assertEqualsImpl(Assert.java:150)\n\tat org.testng.Assert.assertEquals(Assert.java:132)\n\tat org.testng.Assert.assertEquals(Assert.java:656)\n\tat stepdefinition.reusableSD.the_user_is_presented_with_the_result_after_run_button_is_clicked(reusableSD.java:98)\n\tat ✽.The user is presented with the result after run button is clicked(file:///Users/anjujohn/eclipse-workspace5/DS_Algo_Project/src/test/resources/features/09_Graph.feature:35)\n"},"stage":"finished","steps":[{"name":"Given  The user is in a page having an Editor with a Run button to test","status":"passed","statusDetails":{"known":false,"muted":false,"flaky":false},"stage":"finished","steps":[],"attachments":[],"parameters":[],"start":1704039580991,"stop":1704039581190},{"name":"When  The user enters valid python code in Editor from sheet \"pythonCode\" and 0","status":"passed","statusDetails":{"known":false,"muted":false,"flaky":false},"stage":"finished","steps":[],"attachments":[],"parameters":[],"start":1704039581191,"stop":1704039581698},{"name":"And  clicks run button","status":"passed","statusDetails":{"known":false,"muted":false,"flaky":false},"stage":"finished","steps":[],"attachments":[],"parameters":[],"start":1704039581699,"stop":1704039581752},{"name":"Then  The user is presented with the result after run button is clicked","status":"failed","statusDetails":{"known":false,"muted":false,"flaky":false,"message":"Result do not match expected [hello] but found [hello\n]","trace":"java.lang.AssertionError: Result do not match expected [hello] but found [hello\n]\n\tat org.testng.Assert.fail(Assert.java:111)\n\tat org.testng.Assert.failNotEquals(Assert.java:1578)\n\tat org.testng.Assert.assertEqualsImpl(Assert.java:150)\n\tat org.testng.Assert.assertEquals(Assert.java:132)\n\tat org.testng.Assert.assertEquals(Assert.java:656)\n\tat stepdefinition.reusableSD.the_user_is_presented_with_the_result_after_run_button_is_clicked(reusableSD.java:98)\n\tat ✽.The user is presented with the result after run button is clicked(file:///Users/anjujohn/eclipse-workspace5/DS_Algo_Project/src/test/resources/features/09_Graph.feature:35)\n"},"stage":"finished","steps":[],"attachments":[],"parameters":[],"start":1704039581753,"stop":1704039581786}],"attachments":[],"parameters":[{"name":"Sheetname","value":"pythonCode"},{"name":"RowNumber","value":"0"}],"start":1704039580989,"stop":1704039581837}