{"uuid":"bb5483ad-9b5f-4cf1-b74f-3a909d8be536","historyId":"c1c6f953fe89b23527b30b4c82d93dff","fullName":"src/test/resources/features/05_Array.feature:19","labels":[{"name":"tag","value":"Array"},{"name":"tag","value":"Array3"},{"name":"host","value":"Anjus-Air"},{"name":"thread","value":"17763@Anjus-Air.TestNG-test=Surefire test-1(16)"},{"name":"feature","value":"Array feature"},{"name":"story","value":"Navigating Arrays in Python page"},{"name":"suite","value":"Array feature"},{"name":"testClass","value":"Navigating Arrays in Python page"},{"name":"framework","value":"cucumber4jvm"},{"name":"language","value":"java"},{"name":"gherkin_uri","value":"file:///Users/anjujohn/eclipse-workspace5/DS_Algo_Project/src/test/resources/features/05_Array.feature"},{"name":"package","value":"src.test.resources.features.05_Array_feature.Array feature"}],"links":[],"name":"Navigating Arrays in Python page","status":"broken","statusDetails":{"known":false,"muted":false,"flaky":false,"message":"Build info: version: '4.15.0', revision: '1d14b5521b'\nSystem info: os.name: 'Mac OS X', os.arch: 'x86_64', os.version: '11.5', java.version: '17.0.1'\nDriver info: org.openqa.selenium.safari.SafariDriver\nCommand: [589AEDA7-498F-4E0C-B008-9CA459D640EC, findElement {using=xpath, value=//a[text()='Try here>>>']}]\nCapabilities {acceptInsecureCerts: false, browserName: Safari, browserVersion: 15.0, platformName: mac, safari:automaticInspection: false, safari:automaticProfiling: false, safari:diagnose: false, safari:platformBuildVersion: 20G165, safari:platformVersion: 11.6, safari:useSimulator: false, setWindowRect: true, strictFileInteractability: false, webkit:WebRTC: {DisableICECandidateFiltering: false, DisableInsecureMediaCapture: false}}\nSession ID: 589AEDA7-498F-4E0C-B008-9CA459D640EC","trace":"org.openqa.selenium.NoSuchFrameException: Build info: version: '4.15.0', revision: '1d14b5521b'\nSystem info: os.name: 'Mac OS X', os.arch: 'x86_64', os.version: '11.5', java.version: '17.0.1'\nDriver info: org.openqa.selenium.safari.SafariDriver\nCommand: [589AEDA7-498F-4E0C-B008-9CA459D640EC, findElement {using=xpath, value=//a[text()='Try here>>>']}]\nCapabilities {acceptInsecureCerts: false, browserName: Safari, browserVersion: 15.0, platformName: mac, safari:automaticInspection: false, safari:automaticProfiling: false, safari:diagnose: false, safari:platformBuildVersion: 20G165, safari:platformVersion: 11.6, safari:useSimulator: false, setWindowRect: true, strictFileInteractability: false, webkit:WebRTC: {DisableICECandidateFiltering: false, DisableInsecureMediaCapture: false}}\nSession ID: 589AEDA7-498F-4E0C-B008-9CA459D640EC\n\tat jdk.internal.reflect.GeneratedConstructorAccessor26.newInstance(Unknown Source)\n\tat java.base/jdk.internal.reflect.DelegatingConstructorAccessorImpl.newInstance(DelegatingConstructorAccessorImpl.java:45)\n\tat java.base/java.lang.reflect.Constructor.newInstanceWithCaller(Constructor.java:499)\n\tat java.base/java.lang.reflect.Constructor.newInstance(Constructor.java:480)\n\tat org.openqa.selenium.remote.codec.w3c.W3CHttpResponseCodec.createException(W3CHttpResponseCodec.java:200)\n\tat org.openqa.selenium.remote.codec.w3c.W3CHttpResponseCodec.decode(W3CHttpResponseCodec.java:133)\n\tat org.openqa.selenium.remote.codec.w3c.W3CHttpResponseCodec.decode(W3CHttpResponseCodec.java:52)\n\tat org.openqa.selenium.remote.HttpCommandExecutor.execute(HttpCommandExecutor.java:191)\n\tat org.openqa.selenium.remote.service.DriverCommandExecutor.invokeExecute(DriverCommandExecutor.java:200)\n\tat org.openqa.selenium.remote.service.DriverCommandExecutor.execute(DriverCommandExecutor.java:175)\n\tat org.openqa.selenium.remote.RemoteWebDriver.execute(RemoteWebDriver.java:607)\n\tat org.openqa.selenium.remote.ElementLocation$ElementFinder$2.findElement(ElementLocation.java:165)\n\tat org.openqa.selenium.remote.ElementLocation.findElement(ElementLocation.java:59)\n\tat org.openqa.selenium.remote.RemoteWebDriver.findElement(RemoteWebDriver.java:364)\n\tat org.openqa.selenium.remote.RemoteWebDriver.findElement(RemoteWebDriver.java:358)\n\tat org.openqa.selenium.support.pagefactory.DefaultElementLocator.findElement(DefaultElementLocator.java:68)\n\tat org.openqa.selenium.support.pagefactory.internal.LocatingElementHandler.invoke(LocatingElementHandler.java:38)\n\tat jdk.proxy2/jdk.proxy2.$Proxy40.click(Unknown Source)\n\tat pageobjects.ArrayPage.tryHereClick(ArrayPage.java:100)\n\tat stepdefinition.ArraySD.the_user_clicks_the_try_here_link(ArraySD.java:67)\n\tat ✽.The user clicks the Try here link(file:///Users/anjujohn/eclipse-workspace5/DS_Algo_Project/src/test/resources/features/05_Array.feature:23)\n"},"stage":"finished","steps":[{"name":"Given  The user is in \"Array\" page","status":"passed","statusDetails":{"known":false,"muted":false,"flaky":false},"stage":"finished","steps":[],"attachments":[],"parameters":[],"start":1703960591467,"stop":1703960591648},{"name":"When  The user clicks Arrays in Python link","status":"passed","statusDetails":{"known":false,"muted":false,"flaky":false},"stage":"finished","steps":[],"attachments":[],"parameters":[],"start":1703960591650,"stop":1703960591704},{"name":"Then  The user is redirected to \"Arrays in Python\" page","status":"passed","statusDetails":{"known":false,"muted":false,"flaky":false},"stage":"finished","steps":[],"attachments":[],"parameters":[],"start":1703960591707,"stop":1703960591722},{"name":"When  The user clicks the Try here link","status":"broken","statusDetails":{"known":false,"muted":false,"flaky":false,"message":"Build info: version: '4.15.0', revision: '1d14b5521b'\nSystem info: os.name: 'Mac OS X', os.arch: 'x86_64', os.version: '11.5', java.version: '17.0.1'\nDriver info: org.openqa.selenium.safari.SafariDriver\nCommand: [589AEDA7-498F-4E0C-B008-9CA459D640EC, findElement {using=xpath, value=//a[text()='Try here>>>']}]\nCapabilities {acceptInsecureCerts: false, browserName: Safari, browserVersion: 15.0, platformName: mac, safari:automaticInspection: false, safari:automaticProfiling: false, safari:diagnose: false, safari:platformBuildVersion: 20G165, safari:platformVersion: 11.6, safari:useSimulator: false, setWindowRect: true, strictFileInteractability: false, webkit:WebRTC: {DisableICECandidateFiltering: false, DisableInsecureMediaCapture: false}}\nSession ID: 589AEDA7-498F-4E0C-B008-9CA459D640EC","trace":"org.openqa.selenium.NoSuchFrameException: Build info: version: '4.15.0', revision: '1d14b5521b'\nSystem info: os.name: 'Mac OS X', os.arch: 'x86_64', os.version: '11.5', java.version: '17.0.1'\nDriver info: org.openqa.selenium.safari.SafariDriver\nCommand: [589AEDA7-498F-4E0C-B008-9CA459D640EC, findElement {using=xpath, value=//a[text()='Try here>>>']}]\nCapabilities {acceptInsecureCerts: false, browserName: Safari, browserVersion: 15.0, platformName: mac, safari:automaticInspection: false, safari:automaticProfiling: false, safari:diagnose: false, safari:platformBuildVersion: 20G165, safari:platformVersion: 11.6, safari:useSimulator: false, setWindowRect: true, strictFileInteractability: false, webkit:WebRTC: {DisableICECandidateFiltering: false, DisableInsecureMediaCapture: false}}\nSession ID: 589AEDA7-498F-4E0C-B008-9CA459D640EC\n\tat jdk.internal.reflect.GeneratedConstructorAccessor26.newInstance(Unknown Source)\n\tat java.base/jdk.internal.reflect.DelegatingConstructorAccessorImpl.newInstance(DelegatingConstructorAccessorImpl.java:45)\n\tat java.base/java.lang.reflect.Constructor.newInstanceWithCaller(Constructor.java:499)\n\tat java.base/java.lang.reflect.Constructor.newInstance(Constructor.java:480)\n\tat org.openqa.selenium.remote.codec.w3c.W3CHttpResponseCodec.createException(W3CHttpResponseCodec.java:200)\n\tat org.openqa.selenium.remote.codec.w3c.W3CHttpResponseCodec.decode(W3CHttpResponseCodec.java:133)\n\tat org.openqa.selenium.remote.codec.w3c.W3CHttpResponseCodec.decode(W3CHttpResponseCodec.java:52)\n\tat org.openqa.selenium.remote.HttpCommandExecutor.execute(HttpCommandExecutor.java:191)\n\tat org.openqa.selenium.remote.service.DriverCommandExecutor.invokeExecute(DriverCommandExecutor.java:200)\n\tat org.openqa.selenium.remote.service.DriverCommandExecutor.execute(DriverCommandExecutor.java:175)\n\tat org.openqa.selenium.remote.RemoteWebDriver.execute(RemoteWebDriver.java:607)\n\tat org.openqa.selenium.remote.ElementLocation$ElementFinder$2.findElement(ElementLocation.java:165)\n\tat org.openqa.selenium.remote.ElementLocation.findElement(ElementLocation.java:59)\n\tat org.openqa.selenium.remote.RemoteWebDriver.findElement(RemoteWebDriver.java:364)\n\tat org.openqa.selenium.remote.RemoteWebDriver.findElement(RemoteWebDriver.java:358)\n\tat org.openqa.selenium.support.pagefactory.DefaultElementLocator.findElement(DefaultElementLocator.java:68)\n\tat org.openqa.selenium.support.pagefactory.internal.LocatingElementHandler.invoke(LocatingElementHandler.java:38)\n\tat jdk.proxy2/jdk.proxy2.$Proxy40.click(Unknown Source)\n\tat pageobjects.ArrayPage.tryHereClick(ArrayPage.java:100)\n\tat stepdefinition.ArraySD.the_user_clicks_the_try_here_link(ArraySD.java:67)\n\tat ✽.The user clicks the Try here link(file:///Users/anjujohn/eclipse-workspace5/DS_Algo_Project/src/test/resources/features/05_Array.feature:23)\n"},"stage":"finished","steps":[],"attachments":[],"parameters":[],"start":1703960591724,"stop":1703960591829},{"name":"Then  The user is redirected to \"Try Editor\" page","status":"skipped","statusDetails":{"known":false,"muted":false,"flaky":false},"stage":"finished","steps":[],"attachments":[],"parameters":[],"start":1703960592019,"stop":1703960592020}],"attachments":[],"parameters":[],"start":1703960591465,"stop":1703960592021}