{"uid":"60944f7f7c93f3af","name":"The user is presented with error message for empty fields below confirm Password textbox","fullName":"src/test/resources/features/02_register.feature:25","historyId":"61679484f73033f85c474ffac88578a7","time":{"start":1704039410614,"stop":1704039411202,"duration":588},"status":"failed","statusMessage":"expected [Please fill out this field.] but found [Fill out this field]","statusTrace":"java.lang.AssertionError: expected [Please fill out this field.] but found [Fill out this field]\n\tat org.testng.Assert.fail(Assert.java:111)\n\tat org.testng.Assert.failNotEquals(Assert.java:1578)\n\tat org.testng.Assert.assertEqualsImpl(Assert.java:150)\n\tat org.testng.Assert.assertEquals(Assert.java:132)\n\tat org.testng.Assert.assertEquals(Assert.java:656)\n\tat org.testng.Assert.assertEquals(Assert.java:666)\n\tat pageobjects.registerPage.errorMessage(registerPage.java:48)\n\tat stepdefinition.registerPageSD.it_should_display_an_error_message_below_password_confirmation_textbox(registerPageSD.java:65)\n\tat ✽.It should display an error message \"Please fill out this field.\" below Password Confirmation textbox(file:///Users/anjujohn/eclipse-workspace5/DS_Algo_Project/src/test/resources/features/02_register.feature:30)\n","flaky":false,"newFailed":false,"newBroken":false,"newPassed":false,"retriesCount":0,"retriesStatusChange":false,"beforeStages":[{"name":"hooks.hooksForDS.scenario(io.cucumber.java.Scenario)","time":{"start":1704039410614,"stop":1704039410615,"duration":1},"status":"passed","steps":[],"attachments":[],"parameters":[],"shouldDisplayMessage":false,"stepsCount":0,"attachmentsCount":0,"hasContent":false,"attachmentStep":false}],"testStage":{"status":"failed","statusMessage":"expected [Please fill out this field.] but found [Fill out this field]","statusTrace":"java.lang.AssertionError: expected [Please fill out this field.] but found [Fill out this field]\n\tat org.testng.Assert.fail(Assert.java:111)\n\tat org.testng.Assert.failNotEquals(Assert.java:1578)\n\tat org.testng.Assert.assertEqualsImpl(Assert.java:150)\n\tat org.testng.Assert.assertEquals(Assert.java:132)\n\tat org.testng.Assert.assertEquals(Assert.java:656)\n\tat org.testng.Assert.assertEquals(Assert.java:666)\n\tat pageobjects.registerPage.errorMessage(registerPage.java:48)\n\tat stepdefinition.registerPageSD.it_should_display_an_error_message_below_password_confirmation_textbox(registerPageSD.java:65)\n\tat ✽.It should display an error message \"Please fill out this field.\" below Password Confirmation textbox(file:///Users/anjujohn/eclipse-workspace5/DS_Algo_Project/src/test/resources/features/02_register.feature:30)\n","steps":[{"name":"Given  The user opens Register Page","time":{"start":1704039410616,"stop":1704039410774,"duration":158},"status":"passed","steps":[],"attachments":[],"parameters":[],"shouldDisplayMessage":false,"stepsCount":0,"attachmentsCount":0,"hasContent":false,"attachmentStep":false},{"name":"When  The user clicks \"Register\" button after entering \"username\" and \"password\" with Password Confirmation field empty","time":{"start":1704039410778,"stop":1704039411081,"duration":303},"status":"passed","steps":[],"attachments":[{"uid":"328a00c52013404b","name":"Data table","source":"328a00c52013404b.csv","type":"text/tab-separated-values","size":37}],"parameters":[],"shouldDisplayMessage":false,"stepsCount":0,"attachmentsCount":1,"hasContent":true,"attachmentStep":false},{"name":"Then  It should display an error message \"Please fill out this field.\" below Password Confirmation textbox","time":{"start":1704039411088,"stop":1704039411116,"duration":28},"status":"failed","statusMessage":"expected [Please fill out this field.] but found [Fill out this field]","statusTrace":"java.lang.AssertionError: expected [Please fill out this field.] but found [Fill out this field]\n\tat org.testng.Assert.fail(Assert.java:111)\n\tat org.testng.Assert.failNotEquals(Assert.java:1578)\n\tat org.testng.Assert.assertEqualsImpl(Assert.java:150)\n\tat org.testng.Assert.assertEquals(Assert.java:132)\n\tat org.testng.Assert.assertEquals(Assert.java:656)\n\tat org.testng.Assert.assertEquals(Assert.java:666)\n\tat pageobjects.registerPage.errorMessage(registerPage.java:48)\n\tat stepdefinition.registerPageSD.it_should_display_an_error_message_below_password_confirmation_textbox(registerPageSD.java:65)\n\tat ✽.It should display an error message \"Please fill out this field.\" below Password Confirmation textbox(file:///Users/anjujohn/eclipse-workspace5/DS_Algo_Project/src/test/resources/features/02_register.feature:30)\n","steps":[],"attachments":[],"parameters":[],"shouldDisplayMessage":true,"stepsCount":0,"attachmentsCount":0,"hasContent":true,"attachmentStep":false}],"attachments":[],"parameters":[],"shouldDisplayMessage":false,"stepsCount":3,"attachmentsCount":1,"hasContent":true,"attachmentStep":false},"afterStages":[{"name":"hooks.hooksForDS.afterstep(io.cucumber.java.Scenario)","time":{"start":1704039410776,"stop":1704039410777,"duration":1},"status":"passed","steps":[],"attachments":[],"parameters":[],"shouldDisplayMessage":false,"stepsCount":0,"attachmentsCount":0,"hasContent":false,"attachmentStep":false},{"name":"hooks.hooksForDS.afterstep(io.cucumber.java.Scenario)","time":{"start":1704039411082,"stop":1704039411085,"duration":3},"status":"passed","steps":[],"attachments":[],"parameters":[],"shouldDisplayMessage":false,"stepsCount":0,"attachmentsCount":0,"hasContent":false,"attachmentStep":false},{"name":"hooks.hooksForDS.afterstep(io.cucumber.java.Scenario)","time":{"start":1704039411117,"stop":1704039411202,"duration":85},"status":"passed","steps":[],"attachments":[{"uid":"6516279fd6492211","name":"My screenshot","source":"6516279fd6492211.png","type":"image/png","size":84813},{"uid":"4b55a3df0fcb5e44","name":"Myscreenshot","source":"4b55a3df0fcb5e44.txt","type":"text/plain","size":144415}],"parameters":[],"shouldDisplayMessage":false,"stepsCount":0,"attachmentsCount":2,"hasContent":true,"attachmentStep":false}],"labels":[{"name":"tag","value":"register"},{"name":"tag","value":"TS_register_04"},{"name":"host","value":"Anjus-Air"},{"name":"thread","value":"26608@Anjus-Air.TestNG-test=Surefire test-1(16)"},{"name":"feature","value":"Validating Register page"},{"name":"story","value":"The user is presented with error message for empty fields below confirm Password textbox"},{"name":"suite","value":"Validating Register page"},{"name":"testClass","value":"The user is presented with error message for empty fields below confirm Password textbox"},{"name":"framework","value":"cucumber4jvm"},{"name":"language","value":"java"},{"name":"gherkin_uri","value":"file:///Users/anjujohn/eclipse-workspace5/DS_Algo_Project/src/test/resources/features/02_register.feature"},{"name":"package","value":"src.test.resources.features.02_register_feature.Validating Register page"},{"name":"resultFormat","value":"allure2"}],"parameters":[],"links":[],"hidden":true,"retry":true,"extra":{"categories":[],"tags":["TS_register_04","register"]},"source":"60944f7f7c93f3af.json","parameterValues":[]}