{"uid":"af556703d14d4476","name":"The user is presented with error message for code with invalid syntax in tryEditor for Find Numbers with Even Number of Digits","fullName":"src/test/resources/features/05_Array.feature:261","historyId":"73e0f93ac878201a48ea41728b2b1709","time":{"start":1704039505431,"stop":1704039505857,"duration":426},"status":"broken","statusMessage":"The target element is not interactable and could not be clicked\nBuild info: version: '4.15.0', revision: '1d14b5521b'\nSystem info: os.name: 'Mac OS X', os.arch: 'x86_64', os.version: '11.5', java.version: '17.0.1'\nDriver info: org.openqa.selenium.safari.SafariDriver\nCommand: [A4603A97-2F52-4EF2-8E74-8B3555EAE8E2, sendKeysToElement {id=node-DE340C64-A257-4B64-B281-8B1B41055E4F, value=[Ljava.lang.CharSequence;@10fedef6}]\nCapabilities {acceptInsecureCerts: false, browserName: Safari, browserVersion: 15.0, platformName: mac, safari:automaticInspection: false, safari:automaticProfiling: false, safari:diagnose: false, safari:platformBuildVersion: 20G165, safari:platformVersion: 11.6, safari:useSimulator: false, setWindowRect: true, strictFileInteractability: false, webkit:WebRTC: {DisableICECandidateFiltering: false, DisableInsecureMediaCapture: false}}\nElement: [[SafariDriver: Safari on mac (A4603A97-2F52-4EF2-8E74-8B3555EAE8E2)] -> xpath: //textarea[@tabindex='0']]\nSession ID: A4603A97-2F52-4EF2-8E74-8B3555EAE8E2","statusTrace":"org.openqa.selenium.ElementNotInteractableException: The target element is not interactable and could not be clicked\nBuild info: version: '4.15.0', revision: '1d14b5521b'\nSystem info: os.name: 'Mac OS X', os.arch: 'x86_64', os.version: '11.5', java.version: '17.0.1'\nDriver info: org.openqa.selenium.safari.SafariDriver\nCommand: [A4603A97-2F52-4EF2-8E74-8B3555EAE8E2, sendKeysToElement {id=node-DE340C64-A257-4B64-B281-8B1B41055E4F, value=[Ljava.lang.CharSequence;@10fedef6}]\nCapabilities {acceptInsecureCerts: false, browserName: Safari, browserVersion: 15.0, platformName: mac, safari:automaticInspection: false, safari:automaticProfiling: false, safari:diagnose: false, safari:platformBuildVersion: 20G165, safari:platformVersion: 11.6, safari:useSimulator: false, setWindowRect: true, strictFileInteractability: false, webkit:WebRTC: {DisableICECandidateFiltering: false, DisableInsecureMediaCapture: false}}\nElement: [[SafariDriver: Safari on mac (A4603A97-2F52-4EF2-8E74-8B3555EAE8E2)] -> xpath: //textarea[@tabindex='0']]\nSession ID: A4603A97-2F52-4EF2-8E74-8B3555EAE8E2\n\tat java.base/jdk.internal.reflect.NativeConstructorAccessorImpl.newInstance0(Native Method)\n\tat java.base/jdk.internal.reflect.NativeConstructorAccessorImpl.newInstance(NativeConstructorAccessorImpl.java:77)\n\tat java.base/jdk.internal.reflect.DelegatingConstructorAccessorImpl.newInstance(DelegatingConstructorAccessorImpl.java:45)\n\tat java.base/java.lang.reflect.Constructor.newInstanceWithCaller(Constructor.java:499)\n\tat java.base/java.lang.reflect.Constructor.newInstance(Constructor.java:480)\n\tat org.openqa.selenium.remote.codec.w3c.W3CHttpResponseCodec.createException(W3CHttpResponseCodec.java:200)\n\tat org.openqa.selenium.remote.codec.w3c.W3CHttpResponseCodec.decode(W3CHttpResponseCodec.java:133)\n\tat org.openqa.selenium.remote.codec.w3c.W3CHttpResponseCodec.decode(W3CHttpResponseCodec.java:52)\n\tat org.openqa.selenium.remote.HttpCommandExecutor.execute(HttpCommandExecutor.java:191)\n\tat org.openqa.selenium.remote.service.DriverCommandExecutor.invokeExecute(DriverCommandExecutor.java:200)\n\tat org.openqa.selenium.remote.service.DriverCommandExecutor.execute(DriverCommandExecutor.java:175)\n\tat org.openqa.selenium.remote.RemoteWebDriver.execute(RemoteWebDriver.java:607)\n\tat org.openqa.selenium.remote.RemoteWebElement.execute(RemoteWebElement.java:224)\n\tat org.openqa.selenium.remote.RemoteWebElement.sendKeys(RemoteWebElement.java:111)\n\tat jdk.internal.reflect.GeneratedMethodAccessor201.invoke(Unknown Source)\n\tat java.base/jdk.internal.reflect.DelegatingMethodAccessorImpl.invoke(DelegatingMethodAccessorImpl.java:43)\n\tat java.base/java.lang.reflect.Method.invoke(Method.java:568)\n\tat org.openqa.selenium.support.pagefactory.internal.LocatingElementHandler.invoke(LocatingElementHandler.java:51)\n\tat jdk.proxy2/jdk.proxy2.$Proxy40.sendKeys(Unknown Source)\n\tat utilities.ElementsUtils.enterCodePractice(ElementsUtils.java:54)\n\tat pageobjects.ArrayPage.enterPythonCodePractice(ArrayPage.java:145)\n\tat stepdefinition.ArraySD.the_user_enter_python_code_with_invalid_syntax_in_try_editor_from_sheet_and(ArraySD.java:89)\n\tat ✽.The user enter python code with invalid syntax in tryEditor from sheet \"pythonCode\" and 1(file:///Users/anjujohn/eclipse-workspace5/DS_Algo_Project/src/test/resources/features/05_Array.feature:255)\n","flaky":false,"newFailed":false,"newBroken":false,"newPassed":false,"retriesCount":0,"retriesStatusChange":false,"beforeStages":[{"name":"hooks.hooksForDS.scenario(io.cucumber.java.Scenario)","time":{"start":1704039505432,"stop":1704039505433,"duration":1},"status":"passed","steps":[],"attachments":[],"parameters":[],"shouldDisplayMessage":false,"stepsCount":0,"attachmentsCount":0,"hasContent":false,"attachmentStep":false}],"testStage":{"status":"broken","statusMessage":"The target element is not interactable and could not be clicked\nBuild info: version: '4.15.0', revision: '1d14b5521b'\nSystem info: os.name: 'Mac OS X', os.arch: 'x86_64', os.version: '11.5', java.version: '17.0.1'\nDriver info: org.openqa.selenium.safari.SafariDriver\nCommand: [A4603A97-2F52-4EF2-8E74-8B3555EAE8E2, sendKeysToElement {id=node-DE340C64-A257-4B64-B281-8B1B41055E4F, value=[Ljava.lang.CharSequence;@10fedef6}]\nCapabilities {acceptInsecureCerts: false, browserName: Safari, browserVersion: 15.0, platformName: mac, safari:automaticInspection: false, safari:automaticProfiling: false, safari:diagnose: false, safari:platformBuildVersion: 20G165, safari:platformVersion: 11.6, safari:useSimulator: false, setWindowRect: true, strictFileInteractability: false, webkit:WebRTC: {DisableICECandidateFiltering: false, DisableInsecureMediaCapture: false}}\nElement: [[SafariDriver: Safari on mac (A4603A97-2F52-4EF2-8E74-8B3555EAE8E2)] -> xpath: //textarea[@tabindex='0']]\nSession ID: A4603A97-2F52-4EF2-8E74-8B3555EAE8E2","statusTrace":"org.openqa.selenium.ElementNotInteractableException: The target element is not interactable and could not be clicked\nBuild info: version: '4.15.0', revision: '1d14b5521b'\nSystem info: os.name: 'Mac OS X', os.arch: 'x86_64', os.version: '11.5', java.version: '17.0.1'\nDriver info: org.openqa.selenium.safari.SafariDriver\nCommand: [A4603A97-2F52-4EF2-8E74-8B3555EAE8E2, sendKeysToElement {id=node-DE340C64-A257-4B64-B281-8B1B41055E4F, value=[Ljava.lang.CharSequence;@10fedef6}]\nCapabilities {acceptInsecureCerts: false, browserName: Safari, browserVersion: 15.0, platformName: mac, safari:automaticInspection: false, safari:automaticProfiling: false, safari:diagnose: false, safari:platformBuildVersion: 20G165, safari:platformVersion: 11.6, safari:useSimulator: false, setWindowRect: true, strictFileInteractability: false, webkit:WebRTC: {DisableICECandidateFiltering: false, DisableInsecureMediaCapture: false}}\nElement: [[SafariDriver: Safari on mac (A4603A97-2F52-4EF2-8E74-8B3555EAE8E2)] -> xpath: //textarea[@tabindex='0']]\nSession ID: A4603A97-2F52-4EF2-8E74-8B3555EAE8E2\n\tat java.base/jdk.internal.reflect.NativeConstructorAccessorImpl.newInstance0(Native Method)\n\tat java.base/jdk.internal.reflect.NativeConstructorAccessorImpl.newInstance(NativeConstructorAccessorImpl.java:77)\n\tat java.base/jdk.internal.reflect.DelegatingConstructorAccessorImpl.newInstance(DelegatingConstructorAccessorImpl.java:45)\n\tat java.base/java.lang.reflect.Constructor.newInstanceWithCaller(Constructor.java:499)\n\tat java.base/java.lang.reflect.Constructor.newInstance(Constructor.java:480)\n\tat org.openqa.selenium.remote.codec.w3c.W3CHttpResponseCodec.createException(W3CHttpResponseCodec.java:200)\n\tat org.openqa.selenium.remote.codec.w3c.W3CHttpResponseCodec.decode(W3CHttpResponseCodec.java:133)\n\tat org.openqa.selenium.remote.codec.w3c.W3CHttpResponseCodec.decode(W3CHttpResponseCodec.java:52)\n\tat org.openqa.selenium.remote.HttpCommandExecutor.execute(HttpCommandExecutor.java:191)\n\tat org.openqa.selenium.remote.service.DriverCommandExecutor.invokeExecute(DriverCommandExecutor.java:200)\n\tat org.openqa.selenium.remote.service.DriverCommandExecutor.execute(DriverCommandExecutor.java:175)\n\tat org.openqa.selenium.remote.RemoteWebDriver.execute(RemoteWebDriver.java:607)\n\tat org.openqa.selenium.remote.RemoteWebElement.execute(RemoteWebElement.java:224)\n\tat org.openqa.selenium.remote.RemoteWebElement.sendKeys(RemoteWebElement.java:111)\n\tat jdk.internal.reflect.GeneratedMethodAccessor201.invoke(Unknown Source)\n\tat java.base/jdk.internal.reflect.DelegatingMethodAccessorImpl.invoke(DelegatingMethodAccessorImpl.java:43)\n\tat java.base/java.lang.reflect.Method.invoke(Method.java:568)\n\tat org.openqa.selenium.support.pagefactory.internal.LocatingElementHandler.invoke(LocatingElementHandler.java:51)\n\tat jdk.proxy2/jdk.proxy2.$Proxy40.sendKeys(Unknown Source)\n\tat utilities.ElementsUtils.enterCodePractice(ElementsUtils.java:54)\n\tat pageobjects.ArrayPage.enterPythonCodePractice(ArrayPage.java:145)\n\tat stepdefinition.ArraySD.the_user_enter_python_code_with_invalid_syntax_in_try_editor_from_sheet_and(ArraySD.java:89)\n\tat ✽.The user enter python code with invalid syntax in tryEditor from sheet \"pythonCode\" and 1(file:///Users/anjujohn/eclipse-workspace5/DS_Algo_Project/src/test/resources/features/05_Array.feature:255)\n","steps":[{"name":"Given  The user is on Question page of \"Find Numbers with Even Number of Digits\" after logged in","time":{"start":1704039505433,"stop":1704039505583,"duration":150},"status":"passed","steps":[],"attachments":[],"parameters":[],"shouldDisplayMessage":false,"stepsCount":0,"attachmentsCount":0,"hasContent":false,"attachmentStep":false},{"name":"When  The user enter python code with invalid syntax in tryEditor from sheet \"pythonCode\" and 1","time":{"start":1704039505585,"stop":1704039505745,"duration":160},"status":"broken","statusMessage":"The target element is not interactable and could not be clicked\nBuild info: version: '4.15.0', revision: '1d14b5521b'\nSystem info: os.name: 'Mac OS X', os.arch: 'x86_64', os.version: '11.5', java.version: '17.0.1'\nDriver info: org.openqa.selenium.safari.SafariDriver\nCommand: [A4603A97-2F52-4EF2-8E74-8B3555EAE8E2, sendKeysToElement {id=node-DE340C64-A257-4B64-B281-8B1B41055E4F, value=[Ljava.lang.CharSequence;@10fedef6}]\nCapabilities {acceptInsecureCerts: false, browserName: Safari, browserVersion: 15.0, platformName: mac, safari:automaticInspection: false, safari:automaticProfiling: false, safari:diagnose: false, safari:platformBuildVersion: 20G165, safari:platformVersion: 11.6, safari:useSimulator: false, setWindowRect: true, strictFileInteractability: false, webkit:WebRTC: {DisableICECandidateFiltering: false, DisableInsecureMediaCapture: false}}\nElement: [[SafariDriver: Safari on mac (A4603A97-2F52-4EF2-8E74-8B3555EAE8E2)] -> xpath: //textarea[@tabindex='0']]\nSession ID: A4603A97-2F52-4EF2-8E74-8B3555EAE8E2","statusTrace":"org.openqa.selenium.ElementNotInteractableException: The target element is not interactable and could not be clicked\nBuild info: version: '4.15.0', revision: '1d14b5521b'\nSystem info: os.name: 'Mac OS X', os.arch: 'x86_64', os.version: '11.5', java.version: '17.0.1'\nDriver info: org.openqa.selenium.safari.SafariDriver\nCommand: [A4603A97-2F52-4EF2-8E74-8B3555EAE8E2, sendKeysToElement {id=node-DE340C64-A257-4B64-B281-8B1B41055E4F, value=[Ljava.lang.CharSequence;@10fedef6}]\nCapabilities {acceptInsecureCerts: false, browserName: Safari, browserVersion: 15.0, platformName: mac, safari:automaticInspection: false, safari:automaticProfiling: false, safari:diagnose: false, safari:platformBuildVersion: 20G165, safari:platformVersion: 11.6, safari:useSimulator: false, setWindowRect: true, strictFileInteractability: false, webkit:WebRTC: {DisableICECandidateFiltering: false, DisableInsecureMediaCapture: false}}\nElement: [[SafariDriver: Safari on mac (A4603A97-2F52-4EF2-8E74-8B3555EAE8E2)] -> xpath: //textarea[@tabindex='0']]\nSession ID: A4603A97-2F52-4EF2-8E74-8B3555EAE8E2\n\tat java.base/jdk.internal.reflect.NativeConstructorAccessorImpl.newInstance0(Native Method)\n\tat java.base/jdk.internal.reflect.NativeConstructorAccessorImpl.newInstance(NativeConstructorAccessorImpl.java:77)\n\tat java.base/jdk.internal.reflect.DelegatingConstructorAccessorImpl.newInstance(DelegatingConstructorAccessorImpl.java:45)\n\tat java.base/java.lang.reflect.Constructor.newInstanceWithCaller(Constructor.java:499)\n\tat java.base/java.lang.reflect.Constructor.newInstance(Constructor.java:480)\n\tat org.openqa.selenium.remote.codec.w3c.W3CHttpResponseCodec.createException(W3CHttpResponseCodec.java:200)\n\tat org.openqa.selenium.remote.codec.w3c.W3CHttpResponseCodec.decode(W3CHttpResponseCodec.java:133)\n\tat org.openqa.selenium.remote.codec.w3c.W3CHttpResponseCodec.decode(W3CHttpResponseCodec.java:52)\n\tat org.openqa.selenium.remote.HttpCommandExecutor.execute(HttpCommandExecutor.java:191)\n\tat org.openqa.selenium.remote.service.DriverCommandExecutor.invokeExecute(DriverCommandExecutor.java:200)\n\tat org.openqa.selenium.remote.service.DriverCommandExecutor.execute(DriverCommandExecutor.java:175)\n\tat org.openqa.selenium.remote.RemoteWebDriver.execute(RemoteWebDriver.java:607)\n\tat org.openqa.selenium.remote.RemoteWebElement.execute(RemoteWebElement.java:224)\n\tat org.openqa.selenium.remote.RemoteWebElement.sendKeys(RemoteWebElement.java:111)\n\tat jdk.internal.reflect.GeneratedMethodAccessor201.invoke(Unknown Source)\n\tat java.base/jdk.internal.reflect.DelegatingMethodAccessorImpl.invoke(DelegatingMethodAccessorImpl.java:43)\n\tat java.base/java.lang.reflect.Method.invoke(Method.java:568)\n\tat org.openqa.selenium.support.pagefactory.internal.LocatingElementHandler.invoke(LocatingElementHandler.java:51)\n\tat jdk.proxy2/jdk.proxy2.$Proxy40.sendKeys(Unknown Source)\n\tat utilities.ElementsUtils.enterCodePractice(ElementsUtils.java:54)\n\tat pageobjects.ArrayPage.enterPythonCodePractice(ArrayPage.java:145)\n\tat stepdefinition.ArraySD.the_user_enter_python_code_with_invalid_syntax_in_try_editor_from_sheet_and(ArraySD.java:89)\n\tat ✽.The user enter python code with invalid syntax in tryEditor from sheet \"pythonCode\" and 1(file:///Users/anjujohn/eclipse-workspace5/DS_Algo_Project/src/test/resources/features/05_Array.feature:255)\n","steps":[],"attachments":[],"parameters":[],"shouldDisplayMessage":true,"stepsCount":0,"attachmentsCount":0,"hasContent":true,"attachmentStep":false},{"name":"And  The user clicks on run button","time":{"start":1704039505850,"stop":1704039505851,"duration":1},"status":"skipped","steps":[],"attachments":[],"parameters":[],"shouldDisplayMessage":false,"stepsCount":0,"attachmentsCount":0,"hasContent":false,"attachmentStep":false},{"name":"Then  The user should be presented with error message as \"SyntaxError: bad input on line 1\"","time":{"start":1704039505855,"stop":1704039505856,"duration":1},"status":"skipped","steps":[],"attachments":[],"parameters":[],"shouldDisplayMessage":false,"stepsCount":0,"attachmentsCount":0,"hasContent":false,"attachmentStep":false}],"attachments":[],"parameters":[],"shouldDisplayMessage":false,"stepsCount":4,"attachmentsCount":0,"hasContent":true,"attachmentStep":false},"afterStages":[{"name":"hooks.hooksForDS.afterstep(io.cucumber.java.Scenario)","time":{"start":1704039505583,"stop":1704039505584,"duration":1},"status":"passed","steps":[],"attachments":[],"parameters":[],"shouldDisplayMessage":false,"stepsCount":0,"attachmentsCount":0,"hasContent":false,"attachmentStep":false},{"name":"hooks.hooksForDS.afterstep(io.cucumber.java.Scenario)","time":{"start":1704039505746,"stop":1704039505850,"duration":104},"status":"passed","steps":[],"attachments":[{"uid":"b7a14eade3ff3384","name":"My screenshot","source":"b7a14eade3ff3384.png","type":"image/png","size":103569},{"uid":"f67886dbac63a8e1","name":"Myscreenshot","source":"f67886dbac63a8e1.txt","type":"text/plain","size":179020}],"parameters":[],"shouldDisplayMessage":false,"stepsCount":0,"attachmentsCount":2,"hasContent":true,"attachmentStep":false},{"name":"hooks.hooksForDS.afterstep(io.cucumber.java.Scenario)","time":{"start":1704039505851,"stop":1704039505851,"duration":0},"status":"skipped","statusMessage":"AFTER_STEP is failed.","steps":[],"attachments":[],"parameters":[],"shouldDisplayMessage":true,"stepsCount":0,"attachmentsCount":0,"hasContent":true,"attachmentStep":false},{"name":"hooks.hooksForDS.afterstep(io.cucumber.java.Scenario)","time":{"start":1704039505856,"stop":1704039505856,"duration":0},"status":"skipped","statusMessage":"AFTER_STEP is failed.","steps":[],"attachments":[],"parameters":[],"shouldDisplayMessage":true,"stepsCount":0,"attachmentsCount":0,"hasContent":true,"attachmentStep":false}],"labels":[{"name":"tag","value":"Array"},{"name":"tag","value":"TS_array_31"},{"name":"host","value":"Anjus-Air"},{"name":"thread","value":"26608@Anjus-Air.TestNG-test=Surefire test-1(16)"},{"name":"feature","value":"Array feature"},{"name":"story","value":"The user is presented with error message for code with invalid syntax in tryEditor for Find Numbers with Even Number of Digits"},{"name":"suite","value":"Array feature"},{"name":"testClass","value":"The user is presented with error message for code with invalid syntax in tryEditor for Find Numbers with Even Number of Digits"},{"name":"framework","value":"cucumber4jvm"},{"name":"language","value":"java"},{"name":"gherkin_uri","value":"file:///Users/anjujohn/eclipse-workspace5/DS_Algo_Project/src/test/resources/features/05_Array.feature"},{"name":"package","value":"src.test.resources.features.05_Array_feature.Array feature"},{"name":"resultFormat","value":"allure2"}],"parameters":[{"name":"RowNumber","value":"1"},{"name":"Sheetname","value":"pythonCode"}],"links":[],"hidden":true,"retry":true,"extra":{"categories":[],"tags":["Array","TS_array_31"]},"source":"af556703d14d4476.json","parameterValues":["1","pythonCode"]}