{"uid":"f4179db8acf96bfe","name":"The user is able to run code in tryEditor for Max Consecutive Ones","fullName":"src/test/resources/features/05_Array.feature:200","historyId":"79eb5014cd2cc12fe3f620c14b725fe8","time":{"start":1704044063813,"stop":1704044066569,"duration":2756},"status":"broken","statusMessage":"unexpected alert open: {Alert text : SyntaxError: bad input on line 13}\n  (Session info: chrome=120.0.6099.129): SyntaxError: bad input on line 13\nBuild info: version: '4.15.0', revision: '1d14b5521b'\nSystem info: os.name: 'Mac OS X', os.arch: 'x86_64', os.version: '11.5', java.version: '17.0.1'\nDriver info: org.openqa.selenium.chrome.ChromeDriver\nCommand: [03efa9d63ea0c17ce5eff76f59313843, findElement {using=xpath, value=//pre[@id='output']}]\nCapabilities {acceptInsecureCerts: false, browserName: chrome, browserVersion: 120.0.6099.129, chrome: {chromedriverVersion: 120.0.6099.109 (3419140ab66..., userDataDir: /var/folders/jy/f3xvsm2n17z...}, fedcm:accounts: true, goog:chromeOptions: {debuggerAddress: localhost:61054}, networkConnectionEnabled: false, pageLoadStrategy: normal, platformName: mac, proxy: Proxy(), se:cdp: ws://localhost:61054/devtoo..., se:cdpVersion: 120.0.6099.129, setWindowRect: true, strictFileInteractability: false, timeouts: {implicit: 0, pageLoad: 300000, script: 30000}, unhandledPromptBehavior: dismiss and notify, webauthn:extension:credBlob: true, webauthn:extension:largeBlob: true, webauthn:extension:minPinLength: true, webauthn:extension:prf: true, webauthn:virtualAuthenticators: true}\nSession ID: 03efa9d63ea0c17ce5eff76f59313843","statusTrace":"org.openqa.selenium.UnhandledAlertException: unexpected alert open: {Alert text : SyntaxError: bad input on line 13}\n  (Session info: chrome=120.0.6099.129): SyntaxError: bad input on line 13\nBuild info: version: '4.15.0', revision: '1d14b5521b'\nSystem info: os.name: 'Mac OS X', os.arch: 'x86_64', os.version: '11.5', java.version: '17.0.1'\nDriver info: org.openqa.selenium.chrome.ChromeDriver\nCommand: [03efa9d63ea0c17ce5eff76f59313843, findElement {using=xpath, value=//pre[@id='output']}]\nCapabilities {acceptInsecureCerts: false, browserName: chrome, browserVersion: 120.0.6099.129, chrome: {chromedriverVersion: 120.0.6099.109 (3419140ab66..., userDataDir: /var/folders/jy/f3xvsm2n17z...}, fedcm:accounts: true, goog:chromeOptions: {debuggerAddress: localhost:61054}, networkConnectionEnabled: false, pageLoadStrategy: normal, platformName: mac, proxy: Proxy(), se:cdp: ws://localhost:61054/devtoo..., se:cdpVersion: 120.0.6099.129, setWindowRect: true, strictFileInteractability: false, timeouts: {implicit: 0, pageLoad: 300000, script: 30000}, unhandledPromptBehavior: dismiss and notify, webauthn:extension:credBlob: true, webauthn:extension:largeBlob: true, webauthn:extension:minPinLength: true, webauthn:extension:prf: true, webauthn:virtualAuthenticators: true}\nSession ID: 03efa9d63ea0c17ce5eff76f59313843\n\tat org.openqa.selenium.remote.codec.w3c.W3CHttpResponseCodec.decode(W3CHttpResponseCodec.java:131)\n\tat org.openqa.selenium.remote.codec.w3c.W3CHttpResponseCodec.decode(W3CHttpResponseCodec.java:52)\n\tat org.openqa.selenium.remote.HttpCommandExecutor.execute(HttpCommandExecutor.java:191)\n\tat org.openqa.selenium.remote.service.DriverCommandExecutor.invokeExecute(DriverCommandExecutor.java:200)\n\tat org.openqa.selenium.remote.service.DriverCommandExecutor.execute(DriverCommandExecutor.java:175)\n\tat org.openqa.selenium.remote.RemoteWebDriver.execute(RemoteWebDriver.java:607)\n\tat org.openqa.selenium.remote.ElementLocation$ElementFinder$2.findElement(ElementLocation.java:165)\n\tat org.openqa.selenium.remote.ElementLocation.findElement(ElementLocation.java:59)\n\tat org.openqa.selenium.remote.RemoteWebDriver.findElement(RemoteWebDriver.java:364)\n\tat org.openqa.selenium.remote.RemoteWebDriver.findElement(RemoteWebDriver.java:358)\n\tat org.openqa.selenium.support.pagefactory.DefaultElementLocator.findElement(DefaultElementLocator.java:68)\n\tat org.openqa.selenium.support.pagefactory.internal.LocatingElementHandler.invoke(LocatingElementHandler.java:38)\n\tat jdk.proxy2/jdk.proxy2.$Proxy40.isDisplayed(Unknown Source)\n\tat org.openqa.selenium.support.ui.ExpectedConditions.elementIfVisible(ExpectedConditions.java:304)\n\tat org.openqa.selenium.support.ui.ExpectedConditions$10.apply(ExpectedConditions.java:290)\n\tat org.openqa.selenium.support.ui.ExpectedConditions$10.apply(ExpectedConditions.java:287)\n\tat org.openqa.selenium.support.ui.FluentWait.until(FluentWait.java:204)\n\tat utilities.ElementsUtils.waitForElement(ElementsUtils.java:25)\n\tat pageobjects.reusablePage.getActualResult(reusablePage.java:71)\n\tat stepdefinition.ArraySD.the_user_should_be_presented_with_run_result(ArraySD.java:79)\n\tat ✽.The user should be presented with Run result(file:///Users/anjujohn/eclipse-workspace5/DS_Algo_Project/src/test/resources/features/05_Array.feature:196)\n","flaky":false,"newFailed":false,"newBroken":false,"newPassed":false,"retriesCount":0,"retriesStatusChange":false,"beforeStages":[{"name":"hooks.hooksForDS.scenario(io.cucumber.java.Scenario)","time":{"start":1704044063813,"stop":1704044063814,"duration":1},"status":"passed","steps":[],"attachments":[],"parameters":[],"shouldDisplayMessage":false,"stepsCount":0,"attachmentsCount":0,"hasContent":false,"attachmentStep":false}],"testStage":{"status":"broken","statusMessage":"unexpected alert open: {Alert text : SyntaxError: bad input on line 13}\n  (Session info: chrome=120.0.6099.129): SyntaxError: bad input on line 13\nBuild info: version: '4.15.0', revision: '1d14b5521b'\nSystem info: os.name: 'Mac OS X', os.arch: 'x86_64', os.version: '11.5', java.version: '17.0.1'\nDriver info: org.openqa.selenium.chrome.ChromeDriver\nCommand: [03efa9d63ea0c17ce5eff76f59313843, findElement {using=xpath, value=//pre[@id='output']}]\nCapabilities {acceptInsecureCerts: false, browserName: chrome, browserVersion: 120.0.6099.129, chrome: {chromedriverVersion: 120.0.6099.109 (3419140ab66..., userDataDir: /var/folders/jy/f3xvsm2n17z...}, fedcm:accounts: true, goog:chromeOptions: {debuggerAddress: localhost:61054}, networkConnectionEnabled: false, pageLoadStrategy: normal, platformName: mac, proxy: Proxy(), se:cdp: ws://localhost:61054/devtoo..., se:cdpVersion: 120.0.6099.129, setWindowRect: true, strictFileInteractability: false, timeouts: {implicit: 0, pageLoad: 300000, script: 30000}, unhandledPromptBehavior: dismiss and notify, webauthn:extension:credBlob: true, webauthn:extension:largeBlob: true, webauthn:extension:minPinLength: true, webauthn:extension:prf: true, webauthn:virtualAuthenticators: true}\nSession ID: 03efa9d63ea0c17ce5eff76f59313843","statusTrace":"org.openqa.selenium.UnhandledAlertException: unexpected alert open: {Alert text : SyntaxError: bad input on line 13}\n  (Session info: chrome=120.0.6099.129): SyntaxError: bad input on line 13\nBuild info: version: '4.15.0', revision: '1d14b5521b'\nSystem info: os.name: 'Mac OS X', os.arch: 'x86_64', os.version: '11.5', java.version: '17.0.1'\nDriver info: org.openqa.selenium.chrome.ChromeDriver\nCommand: [03efa9d63ea0c17ce5eff76f59313843, findElement {using=xpath, value=//pre[@id='output']}]\nCapabilities {acceptInsecureCerts: false, browserName: chrome, browserVersion: 120.0.6099.129, chrome: {chromedriverVersion: 120.0.6099.109 (3419140ab66..., userDataDir: /var/folders/jy/f3xvsm2n17z...}, fedcm:accounts: true, goog:chromeOptions: {debuggerAddress: localhost:61054}, networkConnectionEnabled: false, pageLoadStrategy: normal, platformName: mac, proxy: Proxy(), se:cdp: ws://localhost:61054/devtoo..., se:cdpVersion: 120.0.6099.129, setWindowRect: true, strictFileInteractability: false, timeouts: {implicit: 0, pageLoad: 300000, script: 30000}, unhandledPromptBehavior: dismiss and notify, webauthn:extension:credBlob: true, webauthn:extension:largeBlob: true, webauthn:extension:minPinLength: true, webauthn:extension:prf: true, webauthn:virtualAuthenticators: true}\nSession ID: 03efa9d63ea0c17ce5eff76f59313843\n\tat org.openqa.selenium.remote.codec.w3c.W3CHttpResponseCodec.decode(W3CHttpResponseCodec.java:131)\n\tat org.openqa.selenium.remote.codec.w3c.W3CHttpResponseCodec.decode(W3CHttpResponseCodec.java:52)\n\tat org.openqa.selenium.remote.HttpCommandExecutor.execute(HttpCommandExecutor.java:191)\n\tat org.openqa.selenium.remote.service.DriverCommandExecutor.invokeExecute(DriverCommandExecutor.java:200)\n\tat org.openqa.selenium.remote.service.DriverCommandExecutor.execute(DriverCommandExecutor.java:175)\n\tat org.openqa.selenium.remote.RemoteWebDriver.execute(RemoteWebDriver.java:607)\n\tat org.openqa.selenium.remote.ElementLocation$ElementFinder$2.findElement(ElementLocation.java:165)\n\tat org.openqa.selenium.remote.ElementLocation.findElement(ElementLocation.java:59)\n\tat org.openqa.selenium.remote.RemoteWebDriver.findElement(RemoteWebDriver.java:364)\n\tat org.openqa.selenium.remote.RemoteWebDriver.findElement(RemoteWebDriver.java:358)\n\tat org.openqa.selenium.support.pagefactory.DefaultElementLocator.findElement(DefaultElementLocator.java:68)\n\tat org.openqa.selenium.support.pagefactory.internal.LocatingElementHandler.invoke(LocatingElementHandler.java:38)\n\tat jdk.proxy2/jdk.proxy2.$Proxy40.isDisplayed(Unknown Source)\n\tat org.openqa.selenium.support.ui.ExpectedConditions.elementIfVisible(ExpectedConditions.java:304)\n\tat org.openqa.selenium.support.ui.ExpectedConditions$10.apply(ExpectedConditions.java:290)\n\tat org.openqa.selenium.support.ui.ExpectedConditions$10.apply(ExpectedConditions.java:287)\n\tat org.openqa.selenium.support.ui.FluentWait.until(FluentWait.java:204)\n\tat utilities.ElementsUtils.waitForElement(ElementsUtils.java:25)\n\tat pageobjects.reusablePage.getActualResult(reusablePage.java:71)\n\tat stepdefinition.ArraySD.the_user_should_be_presented_with_run_result(ArraySD.java:79)\n\tat ✽.The user should be presented with Run result(file:///Users/anjujohn/eclipse-workspace5/DS_Algo_Project/src/test/resources/features/05_Array.feature:196)\n","steps":[{"name":"Given  The user is on Question page of \"Max Consecutive Ones\" after logged in","time":{"start":1704044063814,"stop":1704044063945,"duration":131},"status":"passed","steps":[],"attachments":[],"parameters":[],"shouldDisplayMessage":false,"stepsCount":0,"attachmentsCount":0,"hasContent":false,"attachmentStep":false},{"name":"When  The user enter valid python code in tryEditor from sheet \"pythonCode\" and 4 for the question","time":{"start":1704044063946,"stop":1704044066127,"duration":2181},"status":"passed","steps":[],"attachments":[],"parameters":[],"shouldDisplayMessage":false,"stepsCount":0,"attachmentsCount":0,"hasContent":false,"attachmentStep":false},{"name":"And  The user clicks on run button","time":{"start":1704044066128,"stop":1704044066209,"duration":81},"status":"passed","steps":[],"attachments":[],"parameters":[],"shouldDisplayMessage":false,"stepsCount":0,"attachmentsCount":0,"hasContent":false,"attachmentStep":false},{"name":"Then  The user should be presented with Run result","time":{"start":1704044066211,"stop":1704044066226,"duration":15},"status":"broken","statusMessage":"unexpected alert open: {Alert text : SyntaxError: bad input on line 13}\n  (Session info: chrome=120.0.6099.129): SyntaxError: bad input on line 13\nBuild info: version: '4.15.0', revision: '1d14b5521b'\nSystem info: os.name: 'Mac OS X', os.arch: 'x86_64', os.version: '11.5', java.version: '17.0.1'\nDriver info: org.openqa.selenium.chrome.ChromeDriver\nCommand: [03efa9d63ea0c17ce5eff76f59313843, findElement {using=xpath, value=//pre[@id='output']}]\nCapabilities {acceptInsecureCerts: false, browserName: chrome, browserVersion: 120.0.6099.129, chrome: {chromedriverVersion: 120.0.6099.109 (3419140ab66..., userDataDir: /var/folders/jy/f3xvsm2n17z...}, fedcm:accounts: true, goog:chromeOptions: {debuggerAddress: localhost:61054}, networkConnectionEnabled: false, pageLoadStrategy: normal, platformName: mac, proxy: Proxy(), se:cdp: ws://localhost:61054/devtoo..., se:cdpVersion: 120.0.6099.129, setWindowRect: true, strictFileInteractability: false, timeouts: {implicit: 0, pageLoad: 300000, script: 30000}, unhandledPromptBehavior: dismiss and notify, webauthn:extension:credBlob: true, webauthn:extension:largeBlob: true, webauthn:extension:minPinLength: true, webauthn:extension:prf: true, webauthn:virtualAuthenticators: true}\nSession ID: 03efa9d63ea0c17ce5eff76f59313843","statusTrace":"org.openqa.selenium.UnhandledAlertException: unexpected alert open: {Alert text : SyntaxError: bad input on line 13}\n  (Session info: chrome=120.0.6099.129): SyntaxError: bad input on line 13\nBuild info: version: '4.15.0', revision: '1d14b5521b'\nSystem info: os.name: 'Mac OS X', os.arch: 'x86_64', os.version: '11.5', java.version: '17.0.1'\nDriver info: org.openqa.selenium.chrome.ChromeDriver\nCommand: [03efa9d63ea0c17ce5eff76f59313843, findElement {using=xpath, value=//pre[@id='output']}]\nCapabilities {acceptInsecureCerts: false, browserName: chrome, browserVersion: 120.0.6099.129, chrome: {chromedriverVersion: 120.0.6099.109 (3419140ab66..., userDataDir: /var/folders/jy/f3xvsm2n17z...}, fedcm:accounts: true, goog:chromeOptions: {debuggerAddress: localhost:61054}, networkConnectionEnabled: false, pageLoadStrategy: normal, platformName: mac, proxy: Proxy(), se:cdp: ws://localhost:61054/devtoo..., se:cdpVersion: 120.0.6099.129, setWindowRect: true, strictFileInteractability: false, timeouts: {implicit: 0, pageLoad: 300000, script: 30000}, unhandledPromptBehavior: dismiss and notify, webauthn:extension:credBlob: true, webauthn:extension:largeBlob: true, webauthn:extension:minPinLength: true, webauthn:extension:prf: true, webauthn:virtualAuthenticators: true}\nSession ID: 03efa9d63ea0c17ce5eff76f59313843\n\tat org.openqa.selenium.remote.codec.w3c.W3CHttpResponseCodec.decode(W3CHttpResponseCodec.java:131)\n\tat org.openqa.selenium.remote.codec.w3c.W3CHttpResponseCodec.decode(W3CHttpResponseCodec.java:52)\n\tat org.openqa.selenium.remote.HttpCommandExecutor.execute(HttpCommandExecutor.java:191)\n\tat org.openqa.selenium.remote.service.DriverCommandExecutor.invokeExecute(DriverCommandExecutor.java:200)\n\tat org.openqa.selenium.remote.service.DriverCommandExecutor.execute(DriverCommandExecutor.java:175)\n\tat org.openqa.selenium.remote.RemoteWebDriver.execute(RemoteWebDriver.java:607)\n\tat org.openqa.selenium.remote.ElementLocation$ElementFinder$2.findElement(ElementLocation.java:165)\n\tat org.openqa.selenium.remote.ElementLocation.findElement(ElementLocation.java:59)\n\tat org.openqa.selenium.remote.RemoteWebDriver.findElement(RemoteWebDriver.java:364)\n\tat org.openqa.selenium.remote.RemoteWebDriver.findElement(RemoteWebDriver.java:358)\n\tat org.openqa.selenium.support.pagefactory.DefaultElementLocator.findElement(DefaultElementLocator.java:68)\n\tat org.openqa.selenium.support.pagefactory.internal.LocatingElementHandler.invoke(LocatingElementHandler.java:38)\n\tat jdk.proxy2/jdk.proxy2.$Proxy40.isDisplayed(Unknown Source)\n\tat org.openqa.selenium.support.ui.ExpectedConditions.elementIfVisible(ExpectedConditions.java:304)\n\tat org.openqa.selenium.support.ui.ExpectedConditions$10.apply(ExpectedConditions.java:290)\n\tat org.openqa.selenium.support.ui.ExpectedConditions$10.apply(ExpectedConditions.java:287)\n\tat org.openqa.selenium.support.ui.FluentWait.until(FluentWait.java:204)\n\tat utilities.ElementsUtils.waitForElement(ElementsUtils.java:25)\n\tat pageobjects.reusablePage.getActualResult(reusablePage.java:71)\n\tat stepdefinition.ArraySD.the_user_should_be_presented_with_run_result(ArraySD.java:79)\n\tat ✽.The user should be presented with Run result(file:///Users/anjujohn/eclipse-workspace5/DS_Algo_Project/src/test/resources/features/05_Array.feature:196)\n","steps":[],"attachments":[],"parameters":[],"shouldDisplayMessage":true,"stepsCount":0,"attachmentsCount":0,"hasContent":true,"attachmentStep":false}],"attachments":[],"parameters":[],"shouldDisplayMessage":false,"stepsCount":4,"attachmentsCount":0,"hasContent":true,"attachmentStep":false},"afterStages":[{"name":"hooks.hooksForDS.afterstep(io.cucumber.java.Scenario)","time":{"start":1704044063946,"stop":1704044063946,"duration":0},"status":"passed","steps":[],"attachments":[],"parameters":[],"shouldDisplayMessage":false,"stepsCount":0,"attachmentsCount":0,"hasContent":false,"attachmentStep":false},{"name":"hooks.hooksForDS.afterstep(io.cucumber.java.Scenario)","time":{"start":1704044066128,"stop":1704044066128,"duration":0},"status":"passed","steps":[],"attachments":[],"parameters":[],"shouldDisplayMessage":false,"stepsCount":0,"attachmentsCount":0,"hasContent":false,"attachmentStep":false},{"name":"hooks.hooksForDS.afterstep(io.cucumber.java.Scenario)","time":{"start":1704044066209,"stop":1704044066210,"duration":1},"status":"passed","steps":[],"attachments":[],"parameters":[],"shouldDisplayMessage":false,"stepsCount":0,"attachmentsCount":0,"hasContent":false,"attachmentStep":false},{"name":"hooks.hooksForDS.afterstep(io.cucumber.java.Scenario)","time":{"start":1704044066227,"stop":1704044066568,"duration":341},"status":"passed","steps":[],"attachments":[{"uid":"ce5e21a78f0c761a","name":"My screenshot","source":"ce5e21a78f0c761a.png","type":"image/png","size":96428},{"uid":"9bf64f58360fa2e2","name":"Myscreenshot","source":"9bf64f58360fa2e2.txt","type":"text/plain","size":170475}],"parameters":[],"shouldDisplayMessage":false,"stepsCount":0,"attachmentsCount":2,"hasContent":true,"attachmentStep":false}],"labels":[{"name":"tag","value":"Array"},{"name":"tag","value":"TS_array_25"},{"name":"host","value":"Anjus-Air"},{"name":"thread","value":"32485@Anjus-Air.TestNG-test=Surefire test-1(16)"},{"name":"feature","value":"Array feature"},{"name":"story","value":"The user is able to run code in tryEditor for Max Consecutive Ones"},{"name":"suite","value":"Array feature"},{"name":"testClass","value":"The user is able to run code in tryEditor for Max Consecutive Ones"},{"name":"framework","value":"cucumber4jvm"},{"name":"language","value":"java"},{"name":"gherkin_uri","value":"file:///Users/anjujohn/eclipse-workspace5/DS_Algo_Project/src/test/resources/features/05_Array.feature"},{"name":"package","value":"src.test.resources.features.05_Array_feature.Array feature"},{"name":"resultFormat","value":"allure2"}],"parameters":[{"name":"RowNumber","value":"4"},{"name":"Sheetname","value":"pythonCode"}],"links":[],"hidden":true,"retry":true,"extra":{"categories":[],"tags":["Array","TS_array_25"]},"source":"f4179db8acf96bfe.json","parameterValues":["4","pythonCode"]}